Build output check failed:
    Regex: 'command[- ]line option .* is valid for .* but not for C'
    Output line: 'cc1: warning: command line option ‘-Wnon-virtual-dtor’ is valid for C++/ObjC++ but not for C'
Compilation failed:
    source file: '/home/lixiang/Documents/hsp/WorkNotes/Some_Libs/Opencv_Test/build/CMakeFiles/CMakeTmp/src.c'
    check option: ' -fsigned-char -W -Wall -Wreturn-type  -Wnon-virtual-dtor'
===== BUILD LOG =====
Change Dir: /home/lixiang/Documents/hsp/WorkNotes/Some_Libs/Opencv_Test/build/CMakeFiles/CMakeTmp

Run Build Command(s):/usr/bin/make cmTC_1bd64/fast && /usr/bin/make -f CMakeFiles/cmTC_1bd64.dir/build.make CMakeFiles/cmTC_1bd64.dir/build
make[1]: Entering directory '/home/lixiang/Documents/hsp/WorkNotes/Some_Libs/Opencv_Test/build/CMakeFiles/CMakeTmp'
Building C object CMakeFiles/cmTC_1bd64.dir/src.c.o
/usr/bin/cc   -O3 -DNDEBUG -fPIE    -fsigned-char -W -Wall -Wreturn-type  -Wnon-virtual-dtor -o CMakeFiles/cmTC_1bd64.dir/src.c.o   -c /home/lixiang/Documents/hsp/WorkNotes/Some_Libs/Opencv_Test/build/CMakeFiles/CMakeTmp/src.c
cc1: warning: command line option ‘-Wnon-virtual-dtor’ is valid for C++/ObjC++ but not for C
/home/lixiang/Documents/hsp/WorkNotes/Some_Libs/Opencv_Test/build/CMakeFiles/CMakeTmp/src.c:1: warning: ignoring #pragma   [-Wunknown-pragmas]
    1 | #pragma
      | 
Linking C executable cmTC_1bd64
/usr/bin/cmake -E cmake_link_script CMakeFiles/cmTC_1bd64.dir/link.txt --verbose=1
/usr/bin/cc   -O3 -DNDEBUG    CMakeFiles/cmTC_1bd64.dir/src.c.o  -o cmTC_1bd64 
make[1]: Leaving directory '/home/lixiang/Documents/hsp/WorkNotes/Some_Libs/Opencv_Test/build/CMakeFiles/CMakeTmp'


===== END =====

Build output check failed:
    Regex: 'command[- ]line option .* is valid for .* but not for C\+\+'
    Output line: 'cc1plus: warning: command line option ‘-Wmissing-prototypes’ is valid for C/ObjC but not for C++'
Compilation failed:
    source file: '/home/lixiang/Documents/hsp/WorkNotes/Some_Libs/Opencv_Test/build/CMakeFiles/CMakeTmp/src.cxx'
    check option: ' -fsigned-char -W -Wall -Wreturn-type -Wnon-virtual-dtor -Waddress -Wsequence-point -Wformat -Wformat-security -Wmissing-declarations  -Wmissing-prototypes'
===== BUILD LOG =====
Change Dir: /home/lixiang/Documents/hsp/WorkNotes/Some_Libs/Opencv_Test/build/CMakeFiles/CMakeTmp

Run Build Command(s):/usr/bin/make cmTC_21e82/fast && /usr/bin/make -f CMakeFiles/cmTC_21e82.dir/build.make CMakeFiles/cmTC_21e82.dir/build
make[1]: Entering directory '/home/lixiang/Documents/hsp/WorkNotes/Some_Libs/Opencv_Test/build/CMakeFiles/CMakeTmp'
Building CXX object CMakeFiles/cmTC_21e82.dir/src.cxx.o
/usr/bin/c++    -O3 -DNDEBUG -fPIE    -fsigned-char -W -Wall -Wreturn-type -Wnon-virtual-dtor -Waddress -Wsequence-point -Wformat -Wformat-security -Wmissing-declarations  -Wmissing-prototypes -std=c++11 -o CMakeFiles/cmTC_21e82.dir/src.cxx.o -c /home/lixiang/Documents/hsp/WorkNotes/Some_Libs/Opencv_Test/build/CMakeFiles/CMakeTmp/src.cxx
cc1plus: warning: command line option ‘-Wmissing-prototypes’ is valid for C/ObjC but not for C++
/home/lixiang/Documents/hsp/WorkNotes/Some_Libs/Opencv_Test/build/CMakeFiles/CMakeTmp/src.cxx:1: warning: ignoring #pragma   [-Wunknown-pragmas]
    1 | #pragma
      | 
Linking CXX executable cmTC_21e82
/usr/bin/cmake -E cmake_link_script CMakeFiles/cmTC_21e82.dir/link.txt --verbose=1
/usr/bin/c++    -O3 -DNDEBUG    CMakeFiles/cmTC_21e82.dir/src.cxx.o  -o cmTC_21e82 
make[1]: Leaving directory '/home/lixiang/Documents/hsp/WorkNotes/Some_Libs/Opencv_Test/build/CMakeFiles/CMakeTmp'


===== END =====

Build output check failed:
    Regex: 'command[- ]line option .* is valid for .* but not for C\+\+'
    Output line: 'cc1plus: warning: command line option ‘-Wstrict-prototypes’ is valid for C/ObjC but not for C++'
Compilation failed:
    source file: '/home/lixiang/Documents/hsp/WorkNotes/Some_Libs/Opencv_Test/build/CMakeFiles/CMakeTmp/src.cxx'
    check option: ' -fsigned-char -W -Wall -Wreturn-type -Wnon-virtual-dtor -Waddress -Wsequence-point -Wformat -Wformat-security -Wmissing-declarations  -Wstrict-prototypes'
===== BUILD LOG =====
Change Dir: /home/lixiang/Documents/hsp/WorkNotes/Some_Libs/Opencv_Test/build/CMakeFiles/CMakeTmp

Run Build Command(s):/usr/bin/make cmTC_29e10/fast && /usr/bin/make -f CMakeFiles/cmTC_29e10.dir/build.make CMakeFiles/cmTC_29e10.dir/build
make[1]: Entering directory '/home/lixiang/Documents/hsp/WorkNotes/Some_Libs/Opencv_Test/build/CMakeFiles/CMakeTmp'
Building CXX object CMakeFiles/cmTC_29e10.dir/src.cxx.o
/usr/bin/c++    -O3 -DNDEBUG -fPIE    -fsigned-char -W -Wall -Wreturn-type -Wnon-virtual-dtor -Waddress -Wsequence-point -Wformat -Wformat-security -Wmissing-declarations  -Wstrict-prototypes -std=c++11 -o CMakeFiles/cmTC_29e10.dir/src.cxx.o -c /home/lixiang/Documents/hsp/WorkNotes/Some_Libs/Opencv_Test/build/CMakeFiles/CMakeTmp/src.cxx
cc1plus: warning: command line option ‘-Wstrict-prototypes’ is valid for C/ObjC but not for C++
/home/lixiang/Documents/hsp/WorkNotes/Some_Libs/Opencv_Test/build/CMakeFiles/CMakeTmp/src.cxx:1: warning: ignoring #pragma   [-Wunknown-pragmas]
    1 | #pragma
      | 
Linking CXX executable cmTC_29e10
/usr/bin/cmake -E cmake_link_script CMakeFiles/cmTC_29e10.dir/link.txt --verbose=1
/usr/bin/c++    -O3 -DNDEBUG    CMakeFiles/cmTC_29e10.dir/src.cxx.o  -o cmTC_29e10 
make[1]: Leaving directory '/home/lixiang/Documents/hsp/WorkNotes/Some_Libs/Opencv_Test/build/CMakeFiles/CMakeTmp'


===== END =====

Build output check failed:
    Regex: 'command[- ]line option .* is valid for .* but not for C'
    Output line: 'cc1: warning: command line option ‘-Wsign-promo’ is valid for C++/ObjC++ but not for C'
Compilation failed:
    source file: '/home/lixiang/Documents/hsp/WorkNotes/Some_Libs/Opencv_Test/build/CMakeFiles/CMakeTmp/src.c'
    check option: ' -fsigned-char -W -Wall -Wreturn-type -Waddress -Wsequence-point -Wformat -Wformat-security -Wmissing-declarations -Wmissing-prototypes -Wstrict-prototypes -Wundef -Winit-self -Wpointer-arith -Wshadow  -Wsign-promo'
===== BUILD LOG =====
Change Dir: /home/lixiang/Documents/hsp/WorkNotes/Some_Libs/Opencv_Test/build/CMakeFiles/CMakeTmp

Run Build Command(s):/usr/bin/make cmTC_77d5f/fast && /usr/bin/make -f CMakeFiles/cmTC_77d5f.dir/build.make CMakeFiles/cmTC_77d5f.dir/build
make[1]: Entering directory '/home/lixiang/Documents/hsp/WorkNotes/Some_Libs/Opencv_Test/build/CMakeFiles/CMakeTmp'
Building C object CMakeFiles/cmTC_77d5f.dir/src.c.o
/usr/bin/cc   -O3 -DNDEBUG -fPIE    -fsigned-char -W -Wall -Wreturn-type -Waddress -Wsequence-point -Wformat -Wformat-security -Wmissing-declarations -Wmissing-prototypes -Wstrict-prototypes -Wundef -Winit-self -Wpointer-arith -Wshadow  -Wsign-promo -o CMakeFiles/cmTC_77d5f.dir/src.c.o   -c /home/lixiang/Documents/hsp/WorkNotes/Some_Libs/Opencv_Test/build/CMakeFiles/CMakeTmp/src.c
cc1: warning: command line option ‘-Wsign-promo’ is valid for C++/ObjC++ but not for C
/home/lixiang/Documents/hsp/WorkNotes/Some_Libs/Opencv_Test/build/CMakeFiles/CMakeTmp/src.c:1: warning: ignoring #pragma   [-Wunknown-pragmas]
    1 | #pragma
      | 
Linking C executable cmTC_77d5f
/usr/bin/cmake -E cmake_link_script CMakeFiles/cmTC_77d5f.dir/link.txt --verbose=1
/usr/bin/cc   -O3 -DNDEBUG    CMakeFiles/cmTC_77d5f.dir/src.c.o  -o cmTC_77d5f 
make[1]: Leaving directory '/home/lixiang/Documents/hsp/WorkNotes/Some_Libs/Opencv_Test/build/CMakeFiles/CMakeTmp'


===== END =====

Build output check failed:
    Regex: 'command[- ]line option .* is valid for .* but not for C'
    Output line: 'cc1: warning: command line option ‘-Wsuggest-override’ is valid for C++/ObjC++ but not for C'
Compilation failed:
    source file: '/home/lixiang/Documents/hsp/WorkNotes/Some_Libs/Opencv_Test/build/CMakeFiles/CMakeTmp/src.c'
    check option: ' -fsigned-char -W -Wall -Wreturn-type -Waddress -Wsequence-point -Wformat -Wformat-security -Wmissing-declarations -Wmissing-prototypes -Wstrict-prototypes -Wundef -Winit-self -Wpointer-arith -Wshadow -Wuninitialized  -Wsuggest-override'
===== BUILD LOG =====
Change Dir: /home/lixiang/Documents/hsp/WorkNotes/Some_Libs/Opencv_Test/build/CMakeFiles/CMakeTmp

Run Build Command(s):/usr/bin/make cmTC_83c8f/fast && /usr/bin/make -f CMakeFiles/cmTC_83c8f.dir/build.make CMakeFiles/cmTC_83c8f.dir/build
make[1]: Entering directory '/home/lixiang/Documents/hsp/WorkNotes/Some_Libs/Opencv_Test/build/CMakeFiles/CMakeTmp'
Building C object CMakeFiles/cmTC_83c8f.dir/src.c.o
/usr/bin/cc   -O3 -DNDEBUG -fPIE    -fsigned-char -W -Wall -Wreturn-type -Waddress -Wsequence-point -Wformat -Wformat-security -Wmissing-declarations -Wmissing-prototypes -Wstrict-prototypes -Wundef -Winit-self -Wpointer-arith -Wshadow -Wuninitialized  -Wsuggest-override -o CMakeFiles/cmTC_83c8f.dir/src.c.o   -c /home/lixiang/Documents/hsp/WorkNotes/Some_Libs/Opencv_Test/build/CMakeFiles/CMakeTmp/src.c
cc1: warning: command line option ‘-Wsuggest-override’ is valid for C++/ObjC++ but not for C
/home/lixiang/Documents/hsp/WorkNotes/Some_Libs/Opencv_Test/build/CMakeFiles/CMakeTmp/src.c:1: warning: ignoring #pragma   [-Wunknown-pragmas]
    1 | #pragma
      | 
Linking C executable cmTC_83c8f
/usr/bin/cmake -E cmake_link_script CMakeFiles/cmTC_83c8f.dir/link.txt --verbose=1
/usr/bin/cc   -O3 -DNDEBUG    CMakeFiles/cmTC_83c8f.dir/src.c.o  -o cmTC_83c8f 
make[1]: Leaving directory '/home/lixiang/Documents/hsp/WorkNotes/Some_Libs/Opencv_Test/build/CMakeFiles/CMakeTmp'


===== END =====

Build output check failed:
    Regex: 'command[- ]line option .* is valid for .* but not for C'
    Output line: 'cc1: warning: command line option ‘-Wno-delete-non-virtual-dtor’ is valid for C++/ObjC++ but not for C'
Compilation failed:
    source file: '/home/lixiang/Documents/hsp/WorkNotes/Some_Libs/Opencv_Test/build/CMakeFiles/CMakeTmp/src.c'
    check option: ' -fsigned-char -W -Wall -Wreturn-type -Waddress -Wsequence-point -Wformat -Wformat-security -Wmissing-declarations -Wmissing-prototypes -Wstrict-prototypes -Wundef -Winit-self -Wpointer-arith -Wshadow -Wuninitialized  -Wno-delete-non-virtual-dtor'
===== BUILD LOG =====
Change Dir: /home/lixiang/Documents/hsp/WorkNotes/Some_Libs/Opencv_Test/build/CMakeFiles/CMakeTmp

Run Build Command(s):/usr/bin/make cmTC_fab96/fast && /usr/bin/make -f CMakeFiles/cmTC_fab96.dir/build.make CMakeFiles/cmTC_fab96.dir/build
make[1]: Entering directory '/home/lixiang/Documents/hsp/WorkNotes/Some_Libs/Opencv_Test/build/CMakeFiles/CMakeTmp'
Building C object CMakeFiles/cmTC_fab96.dir/src.c.o
/usr/bin/cc   -O3 -DNDEBUG -fPIE    -fsigned-char -W -Wall -Wreturn-type -Waddress -Wsequence-point -Wformat -Wformat-security -Wmissing-declarations -Wmissing-prototypes -Wstrict-prototypes -Wundef -Winit-self -Wpointer-arith -Wshadow -Wuninitialized  -Wno-delete-non-virtual-dtor -o CMakeFiles/cmTC_fab96.dir/src.c.o   -c /home/lixiang/Documents/hsp/WorkNotes/Some_Libs/Opencv_Test/build/CMakeFiles/CMakeTmp/src.c
cc1: warning: command line option ‘-Wno-delete-non-virtual-dtor’ is valid for C++/ObjC++ but not for C
/home/lixiang/Documents/hsp/WorkNotes/Some_Libs/Opencv_Test/build/CMakeFiles/CMakeTmp/src.c:1: warning: ignoring #pragma   [-Wunknown-pragmas]
    1 | #pragma
      | 
Linking C executable cmTC_fab96
/usr/bin/cmake -E cmake_link_script CMakeFiles/cmTC_fab96.dir/link.txt --verbose=1
/usr/bin/cc   -O3 -DNDEBUG    CMakeFiles/cmTC_fab96.dir/src.c.o  -o cmTC_fab96 
make[1]: Leaving directory '/home/lixiang/Documents/hsp/WorkNotes/Some_Libs/Opencv_Test/build/CMakeFiles/CMakeTmp'


===== END =====

Build output check failed:
    Regex: 'unrecognized .*option'
    Output line: 'cc1plus: warning: unrecognized command line option ‘-Wno-unnamed-type-template-args’'
Compilation failed:
    source file: '/home/lixiang/Documents/hsp/WorkNotes/Some_Libs/Opencv_Test/build/CMakeFiles/CMakeTmp/src.cxx'
    check option: ' -fsigned-char -W -Wall -Wreturn-type -Wnon-virtual-dtor -Waddress -Wsequence-point -Wformat -Wformat-security -Wmissing-declarations -Wundef -Winit-self -Wpointer-arith -Wshadow -Wsign-promo -Wuninitialized -Wsuggest-override -Wno-delete-non-virtual-dtor  -Wno-unnamed-type-template-args'
===== BUILD LOG =====
Change Dir: /home/lixiang/Documents/hsp/WorkNotes/Some_Libs/Opencv_Test/build/CMakeFiles/CMakeTmp

Run Build Command(s):/usr/bin/make cmTC_d4731/fast && /usr/bin/make -f CMakeFiles/cmTC_d4731.dir/build.make CMakeFiles/cmTC_d4731.dir/build
make[1]: Entering directory '/home/lixiang/Documents/hsp/WorkNotes/Some_Libs/Opencv_Test/build/CMakeFiles/CMakeTmp'
Building CXX object CMakeFiles/cmTC_d4731.dir/src.cxx.o
/usr/bin/c++    -O3 -DNDEBUG -fPIE    -fsigned-char -W -Wall -Wreturn-type -Wnon-virtual-dtor -Waddress -Wsequence-point -Wformat -Wformat-security -Wmissing-declarations -Wundef -Winit-self -Wpointer-arith -Wshadow -Wsign-promo -Wuninitialized -Wsuggest-override -Wno-delete-non-virtual-dtor  -Wno-unnamed-type-template-args -std=c++11 -o CMakeFiles/cmTC_d4731.dir/src.cxx.o -c /home/lixiang/Documents/hsp/WorkNotes/Some_Libs/Opencv_Test/build/CMakeFiles/CMakeTmp/src.cxx
/home/lixiang/Documents/hsp/WorkNotes/Some_Libs/Opencv_Test/build/CMakeFiles/CMakeTmp/src.cxx:1: warning: ignoring #pragma   [-Wunknown-pragmas]
    1 | #pragma
      | 
cc1plus: warning: unrecognized command line option ‘-Wno-unnamed-type-template-args’
Linking CXX executable cmTC_d4731
/usr/bin/cmake -E cmake_link_script CMakeFiles/cmTC_d4731.dir/link.txt --verbose=1
/usr/bin/c++    -O3 -DNDEBUG    CMakeFiles/cmTC_d4731.dir/src.cxx.o  -o cmTC_d4731 
make[1]: Leaving directory '/home/lixiang/Documents/hsp/WorkNotes/Some_Libs/Opencv_Test/build/CMakeFiles/CMakeTmp'


===== END =====

Build output check failed:
    Regex: 'unrecognized .*option'
    Output line: 'cc1: warning: unrecognized command line option ‘-Wno-unnamed-type-template-args’'
Compilation failed:
    source file: '/home/lixiang/Documents/hsp/WorkNotes/Some_Libs/Opencv_Test/build/CMakeFiles/CMakeTmp/src.c'
    check option: ' -fsigned-char -W -Wall -Wreturn-type -Waddress -Wsequence-point -Wformat -Wformat-security -Wmissing-declarations -Wmissing-prototypes -Wstrict-prototypes -Wundef -Winit-self -Wpointer-arith -Wshadow -Wuninitialized  -Wno-unnamed-type-template-args'
===== BUILD LOG =====
Change Dir: /home/lixiang/Documents/hsp/WorkNotes/Some_Libs/Opencv_Test/build/CMakeFiles/CMakeTmp

Run Build Command(s):/usr/bin/make cmTC_4207b/fast && /usr/bin/make -f CMakeFiles/cmTC_4207b.dir/build.make CMakeFiles/cmTC_4207b.dir/build
make[1]: Entering directory '/home/lixiang/Documents/hsp/WorkNotes/Some_Libs/Opencv_Test/build/CMakeFiles/CMakeTmp'
Building C object CMakeFiles/cmTC_4207b.dir/src.c.o
/usr/bin/cc   -O3 -DNDEBUG -fPIE    -fsigned-char -W -Wall -Wreturn-type -Waddress -Wsequence-point -Wformat -Wformat-security -Wmissing-declarations -Wmissing-prototypes -Wstrict-prototypes -Wundef -Winit-self -Wpointer-arith -Wshadow -Wuninitialized  -Wno-unnamed-type-template-args -o CMakeFiles/cmTC_4207b.dir/src.c.o   -c /home/lixiang/Documents/hsp/WorkNotes/Some_Libs/Opencv_Test/build/CMakeFiles/CMakeTmp/src.c
/home/lixiang/Documents/hsp/WorkNotes/Some_Libs/Opencv_Test/build/CMakeFiles/CMakeTmp/src.c:1: warning: ignoring #pragma   [-Wunknown-pragmas]
    1 | #pragma
      | 
cc1: warning: unrecognized command line option ‘-Wno-unnamed-type-template-args’
Linking C executable cmTC_4207b
/usr/bin/cmake -E cmake_link_script CMakeFiles/cmTC_4207b.dir/link.txt --verbose=1
/usr/bin/cc   -O3 -DNDEBUG    CMakeFiles/cmTC_4207b.dir/src.c.o  -o cmTC_4207b 
make[1]: Leaving directory '/home/lixiang/Documents/hsp/WorkNotes/Some_Libs/Opencv_Test/build/CMakeFiles/CMakeTmp'


===== END =====

Build output check failed:
    Regex: 'command[- ]line option .* is valid for .* but not for C'
    Output line: 'cc1: warning: command line option ‘-fvisibility-inlines-hidden’ is valid for C++/ObjC++ but not for C'
Compilation failed:
    source file: '/home/lixiang/Documents/hsp/WorkNotes/Some_Libs/Opencv_Test/build/CMakeFiles/CMakeTmp/src.c'
    check option: ' -fsigned-char -W -Wall -Wreturn-type -Waddress -Wsequence-point -Wformat -Wformat-security -Wmissing-declarations -Wmissing-prototypes -Wstrict-prototypes -Wundef -Winit-self -Wpointer-arith -Wshadow -Wuninitialized -Wno-comment -Wimplicit-fallthrough=3 -Wno-strict-overflow -fdiagnostics-show-option -Wno-long-long -pthread -fomit-frame-pointer -ffunction-sections -fdata-sections  -msse -msse2 -msse3 -fvisibility=hidden  -fvisibility-inlines-hidden'
===== BUILD LOG =====
Change Dir: /home/lixiang/Documents/hsp/WorkNotes/Some_Libs/Opencv_Test/build/CMakeFiles/CMakeTmp

Run Build Command(s):/usr/bin/make cmTC_cdcaf/fast && /usr/bin/make -f CMakeFiles/cmTC_cdcaf.dir/build.make CMakeFiles/cmTC_cdcaf.dir/build
make[1]: Entering directory '/home/lixiang/Documents/hsp/WorkNotes/Some_Libs/Opencv_Test/build/CMakeFiles/CMakeTmp'
Building C object CMakeFiles/cmTC_cdcaf.dir/src.c.o
/usr/bin/cc   -O3 -DNDEBUG -fPIE    -fsigned-char -W -Wall -Wreturn-type -Waddress -Wsequence-point -Wformat -Wformat-security -Wmissing-declarations -Wmissing-prototypes -Wstrict-prototypes -Wundef -Winit-self -Wpointer-arith -Wshadow -Wuninitialized -Wno-comment -Wimplicit-fallthrough=3 -Wno-strict-overflow -fdiagnostics-show-option -Wno-long-long -pthread -fomit-frame-pointer -ffunction-sections -fdata-sections  -msse -msse2 -msse3 -fvisibility=hidden  -fvisibility-inlines-hidden -o CMakeFiles/cmTC_cdcaf.dir/src.c.o   -c /home/lixiang/Documents/hsp/WorkNotes/Some_Libs/Opencv_Test/build/CMakeFiles/CMakeTmp/src.c
cc1: warning: command line option ‘-fvisibility-inlines-hidden’ is valid for C++/ObjC++ but not for C
/home/lixiang/Documents/hsp/WorkNotes/Some_Libs/Opencv_Test/build/CMakeFiles/CMakeTmp/src.c:1: warning: ignoring #pragma   [-Wunknown-pragmas]
    1 | #pragma
      | 
Linking C executable cmTC_cdcaf
/usr/bin/cmake -E cmake_link_script CMakeFiles/cmTC_cdcaf.dir/link.txt --verbose=1
/usr/bin/cc   -O3 -DNDEBUG    CMakeFiles/cmTC_cdcaf.dir/src.c.o  -o cmTC_cdcaf 
make[1]: Leaving directory '/home/lixiang/Documents/hsp/WorkNotes/Some_Libs/Opencv_Test/build/CMakeFiles/CMakeTmp'


===== END =====

Build output check failed:
    Regex: 'unrecognized .*option'
    Output line: 'cc1: warning: unrecognized command line option ‘-Wno-shorten-64-to-32’'
Compilation failed:
    source file: '/home/lixiang/Documents/hsp/WorkNotes/Some_Libs/Opencv_Test/build/CMakeFiles/CMakeTmp/src.c'
    check option: ' -Wno-shorten-64-to-32'
===== BUILD LOG =====
Change Dir: /home/lixiang/Documents/hsp/WorkNotes/Some_Libs/Opencv_Test/build/CMakeFiles/CMakeTmp

Run Build Command(s):/usr/bin/make cmTC_a652b/fast && /usr/bin/make -f CMakeFiles/cmTC_a652b.dir/build.make CMakeFiles/cmTC_a652b.dir/build
make[1]: Entering directory '/home/lixiang/Documents/hsp/WorkNotes/Some_Libs/Opencv_Test/build/CMakeFiles/CMakeTmp'
Building C object CMakeFiles/cmTC_a652b.dir/src.c.o
/usr/bin/cc   -fsigned-char -W -Wall -Wreturn-type -Waddress -Wsequence-point -Wformat -Wformat-security -Wmissing-declarations -Wmissing-prototypes -Wstrict-prototypes -Wundef -Winit-self -Wpointer-arith -Wshadow -Wuninitialized -Wno-comment -Wimplicit-fallthrough=3 -Wno-strict-overflow -fdiagnostics-show-option -Wno-long-long -pthread -fomit-frame-pointer -ffunction-sections -fdata-sections  -msse -msse2 -msse3 -fvisibility=hidden -Wno-unused-parameter -Wno-sign-compare  -O3 -DNDEBUG  -DNDEBUG -fPIE    -Wno-shorten-64-to-32 -o CMakeFiles/cmTC_a652b.dir/src.c.o   -c /home/lixiang/Documents/hsp/WorkNotes/Some_Libs/Opencv_Test/build/CMakeFiles/CMakeTmp/src.c
/home/lixiang/Documents/hsp/WorkNotes/Some_Libs/Opencv_Test/build/CMakeFiles/CMakeTmp/src.c:1: warning: ignoring #pragma   [-Wunknown-pragmas]
    1 | #pragma
      | 
cc1: warning: unrecognized command line option ‘-Wno-shorten-64-to-32’
Linking C executable cmTC_a652b
/usr/bin/cmake -E cmake_link_script CMakeFiles/cmTC_a652b.dir/link.txt --verbose=1
/usr/bin/cc    -fsigned-char -W -Wall -Wreturn-type -Waddress -Wsequence-point -Wformat -Wformat-security -Wmissing-declarations -Wmissing-prototypes -Wstrict-prototypes -Wundef -Winit-self -Wpointer-arith -Wshadow -Wuninitialized -Wno-comment -Wimplicit-fallthrough=3 -Wno-strict-overflow -fdiagnostics-show-option -Wno-long-long -pthread -fomit-frame-pointer -ffunction-sections -fdata-sections  -msse -msse2 -msse3 -fvisibility=hidden -Wno-unused-parameter -Wno-sign-compare  -O3 -DNDEBUG  -DNDEBUG    -Wl,--gc-sections -Wl,--as-needed -Wl,--no-undefined  CMakeFiles/cmTC_a652b.dir/src.c.o  -o cmTC_a652b 
make[1]: Leaving directory '/home/lixiang/Documents/hsp/WorkNotes/Some_Libs/Opencv_Test/build/CMakeFiles/CMakeTmp'


===== END =====

Determining if the include file io.h exists failed with the following output:
Change Dir: /home/lixiang/Documents/hsp/WorkNotes/Some_Libs/Opencv_Test/build/CMakeFiles/CMakeTmp

Run Build Command(s):/usr/bin/make cmTC_659ef/fast && /usr/bin/make -f CMakeFiles/cmTC_659ef.dir/build.make CMakeFiles/cmTC_659ef.dir/build
make[1]: Entering directory '/home/lixiang/Documents/hsp/WorkNotes/Some_Libs/Opencv_Test/build/CMakeFiles/CMakeTmp'
Building C object CMakeFiles/cmTC_659ef.dir/CheckIncludeFile.c.o
/usr/bin/cc   -fsigned-char -W -Wall -Wreturn-type -Waddress -Wsequence-point -Wformat -Wformat-security -Wmissing-declarations -Wmissing-prototypes -Wstrict-prototypes -Wundef -Winit-self -Wpointer-arith -Wshadow -Wuninitialized -Wno-comment -Wimplicit-fallthrough=3 -Wno-strict-overflow -fdiagnostics-show-option -Wno-long-long -pthread -fomit-frame-pointer -ffunction-sections -fdata-sections  -msse -msse2 -msse3 -fvisibility=hidden  -O3 -DNDEBUG  -DNDEBUG -fPIE   -o CMakeFiles/cmTC_659ef.dir/CheckIncludeFile.c.o   -c /home/lixiang/Documents/hsp/WorkNotes/Some_Libs/Opencv_Test/build/CMakeFiles/CMakeTmp/CheckIncludeFile.c
/home/lixiang/Documents/hsp/WorkNotes/Some_Libs/Opencv_Test/build/CMakeFiles/CMakeTmp/CheckIncludeFile.c:1:10: fatal error: io.h: No such file or directory
    1 | #include <io.h>
      |          ^~~~~~
compilation terminated.
make[1]: *** [CMakeFiles/cmTC_659ef.dir/build.make:66: CMakeFiles/cmTC_659ef.dir/CheckIncludeFile.c.o] Error 1
make[1]: Leaving directory '/home/lixiang/Documents/hsp/WorkNotes/Some_Libs/Opencv_Test/build/CMakeFiles/CMakeTmp'
make: *** [Makefile:121: cmTC_659ef/fast] Error 2



Determining size of INT8 failed with the following output:
Change Dir: /home/lixiang/Documents/hsp/WorkNotes/Some_Libs/Opencv_Test/build/CMakeFiles/CMakeTmp

Run Build Command(s):/usr/bin/make cmTC_dd6de/fast && /usr/bin/make -f CMakeFiles/cmTC_dd6de.dir/build.make CMakeFiles/cmTC_dd6de.dir/build
make[1]: Entering directory '/home/lixiang/Documents/hsp/WorkNotes/Some_Libs/Opencv_Test/build/CMakeFiles/CMakeTmp'
Building C object CMakeFiles/cmTC_dd6de.dir/int8.c.o
/usr/bin/cc   -fsigned-char -W -Wall -Wreturn-type -Waddress -Wsequence-point -Wformat -Wformat-security -Wmissing-declarations -Wmissing-prototypes -Wstrict-prototypes -Wundef -Winit-self -Wpointer-arith -Wshadow -Wuninitialized -Wno-comment -Wimplicit-fallthrough=3 -Wno-strict-overflow -fdiagnostics-show-option -Wno-long-long -pthread -fomit-frame-pointer -ffunction-sections -fdata-sections  -msse -msse2 -msse3 -fvisibility=hidden  -O3 -DNDEBUG  -DNDEBUG -fPIE   -o CMakeFiles/cmTC_dd6de.dir/int8.c.o   -c /home/lixiang/Documents/hsp/WorkNotes/Some_Libs/Opencv_Test/build/CMakeFiles/CheckTypeSize/int8.c
/home/lixiang/Documents/hsp/WorkNotes/Some_Libs/Opencv_Test/build/CMakeFiles/CheckTypeSize/int8.c:23:22: error: ‘INT8’ undeclared here (not in a function); did you mean ‘INT8_C’?
   23 | #define SIZE (sizeof(INT8))
      |                      ^~~~
/home/lixiang/Documents/hsp/WorkNotes/Some_Libs/Opencv_Test/build/CMakeFiles/CheckTypeSize/int8.c:25:12: note: in expansion of macro ‘SIZE’
   25 |   ('0' + ((SIZE / 10000)%10)),
      |            ^~~~
make[1]: *** [CMakeFiles/cmTC_dd6de.dir/build.make:66: CMakeFiles/cmTC_dd6de.dir/int8.c.o] Error 1
make[1]: Leaving directory '/home/lixiang/Documents/hsp/WorkNotes/Some_Libs/Opencv_Test/build/CMakeFiles/CMakeTmp'
make: *** [Makefile:121: cmTC_dd6de/fast] Error 2


/home/lixiang/Documents/hsp/WorkNotes/Some_Libs/Opencv_Test/build/CMakeFiles/CheckTypeSize/int8.c:
#include <sys/types.h>
#include <stdint.h>
#include <stddef.h>


#undef KEY
#if defined(__i386)
# define KEY '_','_','i','3','8','6'
#elif defined(__x86_64)
# define KEY '_','_','x','8','6','_','6','4'
#elif defined(__ppc__)
# define KEY '_','_','p','p','c','_','_'
#elif defined(__ppc64__)
# define KEY '_','_','p','p','c','6','4','_','_'
#elif defined(__aarch64__)
# define KEY '_','_','a','a','r','c','h','6','4','_','_'
#elif defined(__ARM_ARCH_7A__)
# define KEY '_','_','A','R','M','_','A','R','C','H','_','7','A','_','_'
#elif defined(__ARM_ARCH_7S__)
# define KEY '_','_','A','R','M','_','A','R','C','H','_','7','S','_','_'
#endif

#define SIZE (sizeof(INT8))
static char info_size[] =  {'I', 'N', 'F', 'O', ':', 's','i','z','e','[',
  ('0' + ((SIZE / 10000)%10)),
  ('0' + ((SIZE / 1000)%10)),
  ('0' + ((SIZE / 100)%10)),
  ('0' + ((SIZE / 10)%10)),
  ('0' +  (SIZE    % 10)),
  ']',
#ifdef KEY
  ' ','k','e','y','[', KEY, ']',
#endif
  '\0'};

#ifdef __CLASSIC_C__
int main(argc, argv) int argc; char *argv[];
#else
int main(int argc, char *argv[])
#endif
{
  int require = 0;
  require += info_size[argc];
  (void)argv;
  return require;
}


Determining size of INT16 failed with the following output:
Change Dir: /home/lixiang/Documents/hsp/WorkNotes/Some_Libs/Opencv_Test/build/CMakeFiles/CMakeTmp

Run Build Command(s):/usr/bin/make cmTC_c5bd6/fast && /usr/bin/make -f CMakeFiles/cmTC_c5bd6.dir/build.make CMakeFiles/cmTC_c5bd6.dir/build
make[1]: Entering directory '/home/lixiang/Documents/hsp/WorkNotes/Some_Libs/Opencv_Test/build/CMakeFiles/CMakeTmp'
Building C object CMakeFiles/cmTC_c5bd6.dir/int16.c.o
/usr/bin/cc   -fsigned-char -W -Wall -Wreturn-type -Waddress -Wsequence-point -Wformat -Wformat-security -Wmissing-declarations -Wmissing-prototypes -Wstrict-prototypes -Wundef -Winit-self -Wpointer-arith -Wshadow -Wuninitialized -Wno-comment -Wimplicit-fallthrough=3 -Wno-strict-overflow -fdiagnostics-show-option -Wno-long-long -pthread -fomit-frame-pointer -ffunction-sections -fdata-sections  -msse -msse2 -msse3 -fvisibility=hidden  -O3 -DNDEBUG  -DNDEBUG -fPIE   -o CMakeFiles/cmTC_c5bd6.dir/int16.c.o   -c /home/lixiang/Documents/hsp/WorkNotes/Some_Libs/Opencv_Test/build/CMakeFiles/CheckTypeSize/int16.c
/home/lixiang/Documents/hsp/WorkNotes/Some_Libs/Opencv_Test/build/CMakeFiles/CheckTypeSize/int16.c:23:22: error: ‘INT16’ undeclared here (not in a function); did you mean ‘INT16_C’?
   23 | #define SIZE (sizeof(INT16))
      |                      ^~~~~
/home/lixiang/Documents/hsp/WorkNotes/Some_Libs/Opencv_Test/build/CMakeFiles/CheckTypeSize/int16.c:25:12: note: in expansion of macro ‘SIZE’
   25 |   ('0' + ((SIZE / 10000)%10)),
      |            ^~~~
make[1]: *** [CMakeFiles/cmTC_c5bd6.dir/build.make:66: CMakeFiles/cmTC_c5bd6.dir/int16.c.o] Error 1
make[1]: Leaving directory '/home/lixiang/Documents/hsp/WorkNotes/Some_Libs/Opencv_Test/build/CMakeFiles/CMakeTmp'
make: *** [Makefile:121: cmTC_c5bd6/fast] Error 2


/home/lixiang/Documents/hsp/WorkNotes/Some_Libs/Opencv_Test/build/CMakeFiles/CheckTypeSize/int16.c:
#include <sys/types.h>
#include <stdint.h>
#include <stddef.h>


#undef KEY
#if defined(__i386)
# define KEY '_','_','i','3','8','6'
#elif defined(__x86_64)
# define KEY '_','_','x','8','6','_','6','4'
#elif defined(__ppc__)
# define KEY '_','_','p','p','c','_','_'
#elif defined(__ppc64__)
# define KEY '_','_','p','p','c','6','4','_','_'
#elif defined(__aarch64__)
# define KEY '_','_','a','a','r','c','h','6','4','_','_'
#elif defined(__ARM_ARCH_7A__)
# define KEY '_','_','A','R','M','_','A','R','C','H','_','7','A','_','_'
#elif defined(__ARM_ARCH_7S__)
# define KEY '_','_','A','R','M','_','A','R','C','H','_','7','S','_','_'
#endif

#define SIZE (sizeof(INT16))
static char info_size[] =  {'I', 'N', 'F', 'O', ':', 's','i','z','e','[',
  ('0' + ((SIZE / 10000)%10)),
  ('0' + ((SIZE / 1000)%10)),
  ('0' + ((SIZE / 100)%10)),
  ('0' + ((SIZE / 10)%10)),
  ('0' +  (SIZE    % 10)),
  ']',
#ifdef KEY
  ' ','k','e','y','[', KEY, ']',
#endif
  '\0'};

#ifdef __CLASSIC_C__
int main(argc, argv) int argc; char *argv[];
#else
int main(int argc, char *argv[])
#endif
{
  int require = 0;
  require += info_size[argc];
  (void)argv;
  return require;
}


Determining size of INT32 failed with the following output:
Change Dir: /home/lixiang/Documents/hsp/WorkNotes/Some_Libs/Opencv_Test/build/CMakeFiles/CMakeTmp

Run Build Command(s):/usr/bin/make cmTC_64a76/fast && /usr/bin/make -f CMakeFiles/cmTC_64a76.dir/build.make CMakeFiles/cmTC_64a76.dir/build
make[1]: Entering directory '/home/lixiang/Documents/hsp/WorkNotes/Some_Libs/Opencv_Test/build/CMakeFiles/CMakeTmp'
Building C object CMakeFiles/cmTC_64a76.dir/int32.c.o
/usr/bin/cc   -fsigned-char -W -Wall -Wreturn-type -Waddress -Wsequence-point -Wformat -Wformat-security -Wmissing-declarations -Wmissing-prototypes -Wstrict-prototypes -Wundef -Winit-self -Wpointer-arith -Wshadow -Wuninitialized -Wno-comment -Wimplicit-fallthrough=3 -Wno-strict-overflow -fdiagnostics-show-option -Wno-long-long -pthread -fomit-frame-pointer -ffunction-sections -fdata-sections  -msse -msse2 -msse3 -fvisibility=hidden  -O3 -DNDEBUG  -DNDEBUG -fPIE   -o CMakeFiles/cmTC_64a76.dir/int32.c.o   -c /home/lixiang/Documents/hsp/WorkNotes/Some_Libs/Opencv_Test/build/CMakeFiles/CheckTypeSize/int32.c
/home/lixiang/Documents/hsp/WorkNotes/Some_Libs/Opencv_Test/build/CMakeFiles/CheckTypeSize/int32.c:23:22: error: ‘INT32’ undeclared here (not in a function); did you mean ‘INT32_C’?
   23 | #define SIZE (sizeof(INT32))
      |                      ^~~~~
/home/lixiang/Documents/hsp/WorkNotes/Some_Libs/Opencv_Test/build/CMakeFiles/CheckTypeSize/int32.c:25:12: note: in expansion of macro ‘SIZE’
   25 |   ('0' + ((SIZE / 10000)%10)),
      |            ^~~~
make[1]: *** [CMakeFiles/cmTC_64a76.dir/build.make:66: CMakeFiles/cmTC_64a76.dir/int32.c.o] Error 1
make[1]: Leaving directory '/home/lixiang/Documents/hsp/WorkNotes/Some_Libs/Opencv_Test/build/CMakeFiles/CMakeTmp'
make: *** [Makefile:121: cmTC_64a76/fast] Error 2


/home/lixiang/Documents/hsp/WorkNotes/Some_Libs/Opencv_Test/build/CMakeFiles/CheckTypeSize/int32.c:
#include <sys/types.h>
#include <stdint.h>
#include <stddef.h>


#undef KEY
#if defined(__i386)
# define KEY '_','_','i','3','8','6'
#elif defined(__x86_64)
# define KEY '_','_','x','8','6','_','6','4'
#elif defined(__ppc__)
# define KEY '_','_','p','p','c','_','_'
#elif defined(__ppc64__)
# define KEY '_','_','p','p','c','6','4','_','_'
#elif defined(__aarch64__)
# define KEY '_','_','a','a','r','c','h','6','4','_','_'
#elif defined(__ARM_ARCH_7A__)
# define KEY '_','_','A','R','M','_','A','R','C','H','_','7','A','_','_'
#elif defined(__ARM_ARCH_7S__)
# define KEY '_','_','A','R','M','_','A','R','C','H','_','7','S','_','_'
#endif

#define SIZE (sizeof(INT32))
static char info_size[] =  {'I', 'N', 'F', 'O', ':', 's','i','z','e','[',
  ('0' + ((SIZE / 10000)%10)),
  ('0' + ((SIZE / 1000)%10)),
  ('0' + ((SIZE / 100)%10)),
  ('0' + ((SIZE / 10)%10)),
  ('0' +  (SIZE    % 10)),
  ']',
#ifdef KEY
  ' ','k','e','y','[', KEY, ']',
#endif
  '\0'};

#ifdef __CLASSIC_C__
int main(argc, argv) int argc; char *argv[];
#else
int main(int argc, char *argv[])
#endif
{
  int require = 0;
  require += info_size[argc];
  (void)argv;
  return require;
}


Determining if the function setmode exists failed with the following output:
Change Dir: /home/lixiang/Documents/hsp/WorkNotes/Some_Libs/Opencv_Test/build/CMakeFiles/CMakeTmp

Run Build Command(s):/usr/bin/make cmTC_9be2f/fast && /usr/bin/make -f CMakeFiles/cmTC_9be2f.dir/build.make CMakeFiles/cmTC_9be2f.dir/build
make[1]: Entering directory '/home/lixiang/Documents/hsp/WorkNotes/Some_Libs/Opencv_Test/build/CMakeFiles/CMakeTmp'
Building C object CMakeFiles/cmTC_9be2f.dir/CheckFunctionExists.c.o
/usr/bin/cc   -fsigned-char -W -Wall -Wreturn-type -Waddress -Wsequence-point -Wformat -Wformat-security -Wmissing-declarations -Wmissing-prototypes -Wstrict-prototypes -Wundef -Winit-self -Wpointer-arith -Wshadow -Wuninitialized -Wno-comment -Wimplicit-fallthrough=3 -Wno-strict-overflow -fdiagnostics-show-option -Wno-long-long -pthread -fomit-frame-pointer -ffunction-sections -fdata-sections  -msse -msse2 -msse3 -fvisibility=hidden -DCHECK_FUNCTION_EXISTS=setmode -O3 -DNDEBUG  -DNDEBUG -fPIE   -o CMakeFiles/cmTC_9be2f.dir/CheckFunctionExists.c.o   -c /usr/share/cmake-3.16/Modules/CheckFunctionExists.c
Linking C executable cmTC_9be2f
/usr/bin/cmake -E cmake_link_script CMakeFiles/cmTC_9be2f.dir/link.txt --verbose=1
/usr/bin/cc    -fsigned-char -W -Wall -Wreturn-type -Waddress -Wsequence-point -Wformat -Wformat-security -Wmissing-declarations -Wmissing-prototypes -Wstrict-prototypes -Wundef -Winit-self -Wpointer-arith -Wshadow -Wuninitialized -Wno-comment -Wimplicit-fallthrough=3 -Wno-strict-overflow -fdiagnostics-show-option -Wno-long-long -pthread -fomit-frame-pointer -ffunction-sections -fdata-sections  -msse -msse2 -msse3 -fvisibility=hidden -DCHECK_FUNCTION_EXISTS=setmode -O3 -DNDEBUG  -DNDEBUG    -Wl,--gc-sections -Wl,--as-needed -Wl,--no-undefined  CMakeFiles/cmTC_9be2f.dir/CheckFunctionExists.c.o  -o cmTC_9be2f 
CMakeFiles/cmTC_9be2f.dir/CheckFunctionExists.c.o:CheckFunctionExists.c:function main: error: undefined reference to 'setmode'
collect2: error: ld returned 1 exit status
make[1]: *** [CMakeFiles/cmTC_9be2f.dir/build.make:87: cmTC_9be2f] Error 1
make[1]: Leaving directory '/home/lixiang/Documents/hsp/WorkNotes/Some_Libs/Opencv_Test/build/CMakeFiles/CMakeTmp'
make: *** [Makefile:121: cmTC_9be2f/fast] Error 2



Build output check failed:
    Regex: 'unrecognized .*option'
    Output line: 'cc1: warning: unrecognized command line option ‘-Wno-array-parameter’'
Compilation failed:
    source file: '/home/lixiang/Documents/hsp/WorkNotes/Some_Libs/Opencv_Test/build/CMakeFiles/CMakeTmp/src.c'
    check option: ' -Wno-array-parameter'
===== BUILD LOG =====
Change Dir: /home/lixiang/Documents/hsp/WorkNotes/Some_Libs/Opencv_Test/build/CMakeFiles/CMakeTmp

Run Build Command(s):/usr/bin/make cmTC_18f92/fast && /usr/bin/make -f CMakeFiles/cmTC_18f92.dir/build.make CMakeFiles/cmTC_18f92.dir/build
make[1]: Entering directory '/home/lixiang/Documents/hsp/WorkNotes/Some_Libs/Opencv_Test/build/CMakeFiles/CMakeTmp'
Building C object CMakeFiles/cmTC_18f92.dir/src.c.o
/usr/bin/cc   -fsigned-char -W -Wall -Wreturn-type -Waddress -Wsequence-point -Wformat -Wformat-security -Wstrict-prototypes -Winit-self -Wpointer-arith -Wuninitialized -Wno-comment -Wno-strict-overflow -fdiagnostics-show-option -Wno-long-long -pthread -fomit-frame-pointer -ffunction-sections -fdata-sections  -msse -msse2 -msse3 -fvisibility=hidden -Wno-unused-but-set-variable -Wno-missing-prototypes -Wno-missing-declarations -Wno-undef -Wno-unused -Wno-sign-compare -Wno-cast-align -Wno-shadow -Wno-maybe-uninitialized -Wno-pointer-to-int-cast -Wno-int-to-pointer-cast -Wno-misleading-indentation -Wno-implicit-fallthrough -Wno-unused-parameter  -O3 -DNDEBUG  -DNDEBUG -fPIE    -Wno-array-parameter -o CMakeFiles/cmTC_18f92.dir/src.c.o   -c /home/lixiang/Documents/hsp/WorkNotes/Some_Libs/Opencv_Test/build/CMakeFiles/CMakeTmp/src.c
/home/lixiang/Documents/hsp/WorkNotes/Some_Libs/Opencv_Test/build/CMakeFiles/CMakeTmp/src.c:1: warning: ignoring #pragma   [-Wunknown-pragmas]
    1 | #pragma
      | 
cc1: warning: unrecognized command line option ‘-Wno-array-parameter’
Linking C executable cmTC_18f92
/usr/bin/cmake -E cmake_link_script CMakeFiles/cmTC_18f92.dir/link.txt --verbose=1
/usr/bin/cc    -fsigned-char -W -Wall -Wreturn-type -Waddress -Wsequence-point -Wformat -Wformat-security -Wstrict-prototypes -Winit-self -Wpointer-arith -Wuninitialized -Wno-comment -Wno-strict-overflow -fdiagnostics-show-option -Wno-long-long -pthread -fomit-frame-pointer -ffunction-sections -fdata-sections  -msse -msse2 -msse3 -fvisibility=hidden -Wno-unused-but-set-variable -Wno-missing-prototypes -Wno-missing-declarations -Wno-undef -Wno-unused -Wno-sign-compare -Wno-cast-align -Wno-shadow -Wno-maybe-uninitialized -Wno-pointer-to-int-cast -Wno-int-to-pointer-cast -Wno-misleading-indentation -Wno-implicit-fallthrough -Wno-unused-parameter  -O3 -DNDEBUG  -DNDEBUG    -Wl,--gc-sections -Wl,--as-needed -Wl,--no-undefined  CMakeFiles/cmTC_18f92.dir/src.c.o  -o cmTC_18f92 
make[1]: Leaving directory '/home/lixiang/Documents/hsp/WorkNotes/Some_Libs/Opencv_Test/build/CMakeFiles/CMakeTmp'


===== END =====

Build output check failed:
    Regex: 'command[- ]line option .* is valid for .* but not for C\+\+'
    Output line: 'cc1plus: warning: command line option ‘-Wno-missing-prototypes’ is valid for C/ObjC but not for C++'
Compilation failed:
    source file: '/home/lixiang/Documents/hsp/WorkNotes/Some_Libs/Opencv_Test/build/CMakeFiles/CMakeTmp/src.cxx'
    check option: ' -Wno-missing-prototypes'
===== BUILD LOG =====
Change Dir: /home/lixiang/Documents/hsp/WorkNotes/Some_Libs/Opencv_Test/build/CMakeFiles/CMakeTmp

Run Build Command(s):/usr/bin/make cmTC_19974/fast && /usr/bin/make -f CMakeFiles/cmTC_19974.dir/build.make CMakeFiles/cmTC_19974.dir/build
make[1]: Entering directory '/home/lixiang/Documents/hsp/WorkNotes/Some_Libs/Opencv_Test/build/CMakeFiles/CMakeTmp'
Building CXX object CMakeFiles/cmTC_19974.dir/src.cxx.o
/usr/bin/c++    -fsigned-char -W -Wall -Wreturn-type -Wnon-virtual-dtor -Waddress -Wsequence-point -Wformat -Wformat-security -Wundef -Winit-self -Wpointer-arith -Wshadow -Wsign-promo -Wuninitialized -Wsuggest-override -Wno-delete-non-virtual-dtor -Wno-comment -Wimplicit-fallthrough=3 -Wno-strict-overflow -fdiagnostics-show-option -Wno-long-long -pthread -fomit-frame-pointer -ffunction-sections -fdata-sections  -msse -msse2 -msse3 -fvisibility=hidden -fvisibility-inlines-hidden -Wno-missing-declarations -Wno-unused-parameter  -O3 -DNDEBUG  -DNDEBUG -fPIE    -Wno-missing-prototypes -std=c++11 -o CMakeFiles/cmTC_19974.dir/src.cxx.o -c /home/lixiang/Documents/hsp/WorkNotes/Some_Libs/Opencv_Test/build/CMakeFiles/CMakeTmp/src.cxx
cc1plus: warning: command line option ‘-Wno-missing-prototypes’ is valid for C/ObjC but not for C++
/home/lixiang/Documents/hsp/WorkNotes/Some_Libs/Opencv_Test/build/CMakeFiles/CMakeTmp/src.cxx:1: warning: ignoring #pragma   [-Wunknown-pragmas]
    1 | #pragma
      | 
Linking CXX executable cmTC_19974
/usr/bin/cmake -E cmake_link_script CMakeFiles/cmTC_19974.dir/link.txt --verbose=1
/usr/bin/c++     -fsigned-char -W -Wall -Wreturn-type -Wnon-virtual-dtor -Waddress -Wsequence-point -Wformat -Wformat-security -Wundef -Winit-self -Wpointer-arith -Wshadow -Wsign-promo -Wuninitialized -Wsuggest-override -Wno-delete-non-virtual-dtor -Wno-comment -Wimplicit-fallthrough=3 -Wno-strict-overflow -fdiagnostics-show-option -Wno-long-long -pthread -fomit-frame-pointer -ffunction-sections -fdata-sections  -msse -msse2 -msse3 -fvisibility=hidden -fvisibility-inlines-hidden -Wno-missing-declarations -Wno-unused-parameter  -O3 -DNDEBUG  -DNDEBUG    -Wl,--gc-sections -Wl,--as-needed -Wl,--no-undefined  CMakeFiles/cmTC_19974.dir/src.cxx.o  -o cmTC_19974 
make[1]: Leaving directory '/home/lixiang/Documents/hsp/WorkNotes/Some_Libs/Opencv_Test/build/CMakeFiles/CMakeTmp'


===== END =====

Build output check failed:
    Regex: 'unrecognized .*option'
    Output line: 'cc1: warning: unrecognized command line option ‘-Wno-implicit-const-int-float-conversion’'
Compilation failed:
    source file: '/home/lixiang/Documents/hsp/WorkNotes/Some_Libs/Opencv_Test/build/CMakeFiles/CMakeTmp/src.c'
    check option: ' -Wno-implicit-const-int-float-conversion'
===== BUILD LOG =====
Change Dir: /home/lixiang/Documents/hsp/WorkNotes/Some_Libs/Opencv_Test/build/CMakeFiles/CMakeTmp

Run Build Command(s):/usr/bin/make cmTC_78675/fast && /usr/bin/make -f CMakeFiles/cmTC_78675.dir/build.make CMakeFiles/cmTC_78675.dir/build
make[1]: Entering directory '/home/lixiang/Documents/hsp/WorkNotes/Some_Libs/Opencv_Test/build/CMakeFiles/CMakeTmp'
Building C object CMakeFiles/cmTC_78675.dir/src.c.o
/usr/bin/cc   -fsigned-char -W -Wall -Wreturn-type -Waddress -Wsequence-point -Wformat -Wformat-security -Wmissing-declarations -Wmissing-prototypes -Wstrict-prototypes -Wundef -Winit-self -Wpointer-arith -Wshadow -Wuninitialized -Wno-comment -Wimplicit-fallthrough=3 -Wno-strict-overflow -fdiagnostics-show-option -Wno-long-long -pthread -fomit-frame-pointer -ffunction-sections -fdata-sections  -msse -msse2 -msse3 -fvisibility=hidden  -O3 -DNDEBUG  -DNDEBUG -fPIE    -Wno-implicit-const-int-float-conversion -o CMakeFiles/cmTC_78675.dir/src.c.o   -c /home/lixiang/Documents/hsp/WorkNotes/Some_Libs/Opencv_Test/build/CMakeFiles/CMakeTmp/src.c
/home/lixiang/Documents/hsp/WorkNotes/Some_Libs/Opencv_Test/build/CMakeFiles/CMakeTmp/src.c:1: warning: ignoring #pragma   [-Wunknown-pragmas]
    1 | #pragma
      | 
cc1: warning: unrecognized command line option ‘-Wno-implicit-const-int-float-conversion’
Linking C executable cmTC_78675
/usr/bin/cmake -E cmake_link_script CMakeFiles/cmTC_78675.dir/link.txt --verbose=1
/usr/bin/cc    -fsigned-char -W -Wall -Wreturn-type -Waddress -Wsequence-point -Wformat -Wformat-security -Wmissing-declarations -Wmissing-prototypes -Wstrict-prototypes -Wundef -Winit-self -Wpointer-arith -Wshadow -Wuninitialized -Wno-comment -Wimplicit-fallthrough=3 -Wno-strict-overflow -fdiagnostics-show-option -Wno-long-long -pthread -fomit-frame-pointer -ffunction-sections -fdata-sections  -msse -msse2 -msse3 -fvisibility=hidden  -O3 -DNDEBUG  -DNDEBUG    -Wl,--gc-sections -Wl,--as-needed -Wl,--no-undefined  CMakeFiles/cmTC_78675.dir/src.c.o  -o cmTC_78675 
make[1]: Leaving directory '/home/lixiang/Documents/hsp/WorkNotes/Some_Libs/Opencv_Test/build/CMakeFiles/CMakeTmp'


===== END =====

Build output check failed:
    Regex: 'unrecognized .*option'
    Output line: 'cc1: warning: unrecognized command line option ‘-Wno-documentation’'
Compilation failed:
    source file: '/home/lixiang/Documents/hsp/WorkNotes/Some_Libs/Opencv_Test/build/CMakeFiles/CMakeTmp/src.c'
    check option: ' -Wno-documentation'
===== BUILD LOG =====
Change Dir: /home/lixiang/Documents/hsp/WorkNotes/Some_Libs/Opencv_Test/build/CMakeFiles/CMakeTmp

Run Build Command(s):/usr/bin/make cmTC_64640/fast && /usr/bin/make -f CMakeFiles/cmTC_64640.dir/build.make CMakeFiles/cmTC_64640.dir/build
make[1]: Entering directory '/home/lixiang/Documents/hsp/WorkNotes/Some_Libs/Opencv_Test/build/CMakeFiles/CMakeTmp'
Building C object CMakeFiles/cmTC_64640.dir/src.c.o
/usr/bin/cc   -fsigned-char -W -Wall -Wreturn-type -Waddress -Wsequence-point -Wformat -Wformat-security -Wstrict-prototypes -Wundef -Winit-self -Wpointer-arith -Wshadow -Wuninitialized -Wno-comment -Wimplicit-fallthrough=3 -Wno-strict-overflow -fdiagnostics-show-option -Wno-long-long -pthread -fomit-frame-pointer -ffunction-sections -fdata-sections  -msse -msse2 -msse3 -fvisibility=hidden -Wno-unused-but-set-variable -Wno-missing-prototypes -Wno-missing-declarations  -O3 -DNDEBUG  -DNDEBUG -fPIE    -Wno-documentation -o CMakeFiles/cmTC_64640.dir/src.c.o   -c /home/lixiang/Documents/hsp/WorkNotes/Some_Libs/Opencv_Test/build/CMakeFiles/CMakeTmp/src.c
/home/lixiang/Documents/hsp/WorkNotes/Some_Libs/Opencv_Test/build/CMakeFiles/CMakeTmp/src.c:1: warning: ignoring #pragma   [-Wunknown-pragmas]
    1 | #pragma
      | 
cc1: warning: unrecognized command line option ‘-Wno-documentation’
Linking C executable cmTC_64640
/usr/bin/cmake -E cmake_link_script CMakeFiles/cmTC_64640.dir/link.txt --verbose=1
/usr/bin/cc    -fsigned-char -W -Wall -Wreturn-type -Waddress -Wsequence-point -Wformat -Wformat-security -Wstrict-prototypes -Wundef -Winit-self -Wpointer-arith -Wshadow -Wuninitialized -Wno-comment -Wimplicit-fallthrough=3 -Wno-strict-overflow -fdiagnostics-show-option -Wno-long-long -pthread -fomit-frame-pointer -ffunction-sections -fdata-sections  -msse -msse2 -msse3 -fvisibility=hidden -Wno-unused-but-set-variable -Wno-missing-prototypes -Wno-missing-declarations  -O3 -DNDEBUG  -DNDEBUG    -Wl,--gc-sections -Wl,--as-needed -Wl,--no-undefined  CMakeFiles/cmTC_64640.dir/src.c.o  -o cmTC_64640 
make[1]: Leaving directory '/home/lixiang/Documents/hsp/WorkNotes/Some_Libs/Opencv_Test/build/CMakeFiles/CMakeTmp'


===== END =====

Determining if the _aligned_malloc exist failed with the following output:
Change Dir: /home/lixiang/Documents/hsp/WorkNotes/Some_Libs/Opencv_Test/build/CMakeFiles/CMakeTmp

Run Build Command(s):/usr/bin/make cmTC_28d62/fast && /usr/bin/make -f CMakeFiles/cmTC_28d62.dir/build.make CMakeFiles/cmTC_28d62.dir/build
make[1]: Entering directory '/home/lixiang/Documents/hsp/WorkNotes/Some_Libs/Opencv_Test/build/CMakeFiles/CMakeTmp'
Building C object CMakeFiles/cmTC_28d62.dir/CheckSymbolExists.c.o
/usr/bin/cc   -fsigned-char -W -Wall -Wreturn-type -Waddress -Wsequence-point -Wformat -Wformat-security -Wstrict-prototypes -Wundef -Winit-self -Wpointer-arith -Wshadow -Wuninitialized -Wno-comment -Wimplicit-fallthrough=3 -Wno-strict-overflow -fdiagnostics-show-option -Wno-long-long -pthread -fomit-frame-pointer -ffunction-sections -fdata-sections  -msse -msse2 -msse3 -fvisibility=hidden -Wno-unused-but-set-variable -Wno-missing-prototypes -Wno-missing-declarations  -O3 -DNDEBUG  -DNDEBUG -fPIE   -o CMakeFiles/cmTC_28d62.dir/CheckSymbolExists.c.o   -c /home/lixiang/Documents/hsp/WorkNotes/Some_Libs/Opencv_Test/build/CMakeFiles/CMakeTmp/CheckSymbolExists.c
/home/lixiang/Documents/hsp/WorkNotes/Some_Libs/Opencv_Test/build/CMakeFiles/CMakeTmp/CheckSymbolExists.c: In function ‘main’:
/home/lixiang/Documents/hsp/WorkNotes/Some_Libs/Opencv_Test/build/CMakeFiles/CMakeTmp/CheckSymbolExists.c:8:19: error: ‘_aligned_malloc’ undeclared (first use in this function)
    8 |   return ((int*)(&_aligned_malloc))[argc];
      |                   ^~~~~~~~~~~~~~~
/home/lixiang/Documents/hsp/WorkNotes/Some_Libs/Opencv_Test/build/CMakeFiles/CMakeTmp/CheckSymbolExists.c:8:19: note: each undeclared identifier is reported only once for each function it appears in
/home/lixiang/Documents/hsp/WorkNotes/Some_Libs/Opencv_Test/build/CMakeFiles/CMakeTmp/CheckSymbolExists.c:4:14: warning: parameter ‘argc’ set but not used [-Wunused-but-set-parameter]
    4 | int main(int argc, char** argv)
      |          ~~~~^~~~
make[1]: *** [CMakeFiles/cmTC_28d62.dir/build.make:66: CMakeFiles/cmTC_28d62.dir/CheckSymbolExists.c.o] Error 1
make[1]: Leaving directory '/home/lixiang/Documents/hsp/WorkNotes/Some_Libs/Opencv_Test/build/CMakeFiles/CMakeTmp'
make: *** [Makefile:121: cmTC_28d62/fast] Error 2


File /home/lixiang/Documents/hsp/WorkNotes/Some_Libs/Opencv_Test/build/CMakeFiles/CMakeTmp/CheckSymbolExists.c:
/* */
#include <malloc.h>

int main(int argc, char** argv)
{
  (void)argv;
#ifndef _aligned_malloc
  return ((int*)(&_aligned_malloc))[argc];
#else
  (void)argc;
  return 0;
#endif
}
Build output check failed:
    Regex: 'unrecognized .*option'
    Output line: 'cc1: warning: unrecognized command line option ‘-Wno-null-pointer-subtraction’'
Compilation failed:
    source file: '/home/lixiang/Documents/hsp/WorkNotes/Some_Libs/Opencv_Test/build/CMakeFiles/CMakeTmp/src.c'
    check option: ' -Wno-null-pointer-subtraction'
===== BUILD LOG =====
Change Dir: /home/lixiang/Documents/hsp/WorkNotes/Some_Libs/Opencv_Test/build/CMakeFiles/CMakeTmp

Run Build Command(s):/usr/bin/make cmTC_9255b/fast && /usr/bin/make -f CMakeFiles/cmTC_9255b.dir/build.make CMakeFiles/cmTC_9255b.dir/build
make[1]: Entering directory '/home/lixiang/Documents/hsp/WorkNotes/Some_Libs/Opencv_Test/build/CMakeFiles/CMakeTmp'
Building C object CMakeFiles/cmTC_9255b.dir/src.c.o
/usr/bin/cc   -fsigned-char -W -Wall -Wreturn-type -Waddress -Wsequence-point -Wformat -Wformat-security -Wmissing-declarations -Wmissing-prototypes -Wstrict-prototypes -Winit-self -Wpointer-arith -Wshadow -Wuninitialized -Wno-comment -Wno-strict-overflow -fdiagnostics-show-option -Wno-long-long -pthread -fomit-frame-pointer -ffunction-sections -fdata-sections  -msse -msse2 -msse3 -fvisibility=hidden -Wno-undef -Wno-cast-align -Wno-implicit-fallthrough -Wno-unused-parameter -Wno-sign-compare -Wno-maybe-uninitialized  -O3 -DNDEBUG  -DNDEBUG -fPIE    -Wno-null-pointer-subtraction -o CMakeFiles/cmTC_9255b.dir/src.c.o   -c /home/lixiang/Documents/hsp/WorkNotes/Some_Libs/Opencv_Test/build/CMakeFiles/CMakeTmp/src.c
/home/lixiang/Documents/hsp/WorkNotes/Some_Libs/Opencv_Test/build/CMakeFiles/CMakeTmp/src.c:1: warning: ignoring #pragma   [-Wunknown-pragmas]
    1 | #pragma
      | 
cc1: warning: unrecognized command line option ‘-Wno-null-pointer-subtraction’
Linking C executable cmTC_9255b
/usr/bin/cmake -E cmake_link_script CMakeFiles/cmTC_9255b.dir/link.txt --verbose=1
/usr/bin/cc    -fsigned-char -W -Wall -Wreturn-type -Waddress -Wsequence-point -Wformat -Wformat-security -Wmissing-declarations -Wmissing-prototypes -Wstrict-prototypes -Winit-self -Wpointer-arith -Wshadow -Wuninitialized -Wno-comment -Wno-strict-overflow -fdiagnostics-show-option -Wno-long-long -pthread -fomit-frame-pointer -ffunction-sections -fdata-sections  -msse -msse2 -msse3 -fvisibility=hidden -Wno-undef -Wno-cast-align -Wno-implicit-fallthrough -Wno-unused-parameter -Wno-sign-compare -Wno-maybe-uninitialized  -O3 -DNDEBUG  -DNDEBUG    -Wl,--gc-sections -Wl,--as-needed -Wl,--no-undefined  CMakeFiles/cmTC_9255b.dir/src.c.o  -o cmTC_9255b 
make[1]: Leaving directory '/home/lixiang/Documents/hsp/WorkNotes/Some_Libs/Opencv_Test/build/CMakeFiles/CMakeTmp'


===== END =====

Build output check failed:
    Regex: 'unrecognized .*option'
    Output line: 'cc1plus: warning: unrecognized command line option ‘-Wno-inconsistent-missing-override’'
Compilation failed:
    source file: '/home/lixiang/Documents/hsp/WorkNotes/Some_Libs/Opencv_Test/build/CMakeFiles/CMakeTmp/src.cxx'
    check option: ' -Wno-inconsistent-missing-override'
===== BUILD LOG =====
Change Dir: /home/lixiang/Documents/hsp/WorkNotes/Some_Libs/Opencv_Test/build/CMakeFiles/CMakeTmp

Run Build Command(s):/usr/bin/make cmTC_b1447/fast && /usr/bin/make -f CMakeFiles/cmTC_b1447.dir/build.make CMakeFiles/cmTC_b1447.dir/build
make[1]: Entering directory '/home/lixiang/Documents/hsp/WorkNotes/Some_Libs/Opencv_Test/build/CMakeFiles/CMakeTmp'
Building CXX object CMakeFiles/cmTC_b1447.dir/src.cxx.o
/usr/bin/c++    -fsigned-char -W -Wall -Wreturn-type -Wnon-virtual-dtor -Waddress -Wsequence-point -Wformat -Wformat-security -Winit-self -Wpointer-arith -Wsign-promo -Wno-delete-non-virtual-dtor -Wno-comment -Wimplicit-fallthrough=3 -Wno-strict-overflow -fdiagnostics-show-option -Wno-long-long -pthread -fomit-frame-pointer -ffunction-sections -fdata-sections  -msse -msse2 -msse3 -fvisibility=hidden -fvisibility-inlines-hidden -Wno-shadow -Wno-unused -Wno-sign-compare -Wno-undef -Wno-missing-declarations -Wno-uninitialized -Wno-switch -Wno-parentheses -Wno-array-bounds -Wno-extra -Wno-deprecated-declarations -Wno-misleading-indentation -Wno-deprecated -Wno-suggest-override  -O3 -DNDEBUG  -DNDEBUG -fPIE    -Wno-inconsistent-missing-override -std=c++11 -o CMakeFiles/cmTC_b1447.dir/src.cxx.o -c /home/lixiang/Documents/hsp/WorkNotes/Some_Libs/Opencv_Test/build/CMakeFiles/CMakeTmp/src.cxx
/home/lixiang/Documents/hsp/WorkNotes/Some_Libs/Opencv_Test/build/CMakeFiles/CMakeTmp/src.cxx:1: warning: ignoring #pragma   [-Wunknown-pragmas]
    1 | #pragma
      | 
cc1plus: warning: unrecognized command line option ‘-Wno-inconsistent-missing-override’
Linking CXX executable cmTC_b1447
/usr/bin/cmake -E cmake_link_script CMakeFiles/cmTC_b1447.dir/link.txt --verbose=1
/usr/bin/c++     -fsigned-char -W -Wall -Wreturn-type -Wnon-virtual-dtor -Waddress -Wsequence-point -Wformat -Wformat-security -Winit-self -Wpointer-arith -Wsign-promo -Wno-delete-non-virtual-dtor -Wno-comment -Wimplicit-fallthrough=3 -Wno-strict-overflow -fdiagnostics-show-option -Wno-long-long -pthread -fomit-frame-pointer -ffunction-sections -fdata-sections  -msse -msse2 -msse3 -fvisibility=hidden -fvisibility-inlines-hidden -Wno-shadow -Wno-unused -Wno-sign-compare -Wno-undef -Wno-missing-declarations -Wno-uninitialized -Wno-switch -Wno-parentheses -Wno-array-bounds -Wno-extra -Wno-deprecated-declarations -Wno-misleading-indentation -Wno-deprecated -Wno-suggest-override  -O3 -DNDEBUG  -DNDEBUG    -Wl,--gc-sections -Wl,--as-needed -Wl,--no-undefined  CMakeFiles/cmTC_b1447.dir/src.cxx.o  -o cmTC_b1447 
make[1]: Leaving directory '/home/lixiang/Documents/hsp/WorkNotes/Some_Libs/Opencv_Test/build/CMakeFiles/CMakeTmp'


===== END =====

Build output check failed:
    Regex: 'unrecognized .*option'
    Output line: 'cc1plus: warning: unrecognized command line option ‘-Wno-implicit-const-int-float-conversion’'
Compilation failed:
    source file: '/home/lixiang/Documents/hsp/WorkNotes/Some_Libs/Opencv_Test/build/CMakeFiles/CMakeTmp/src.cxx'
    check option: ' -Wno-implicit-const-int-float-conversion'
===== BUILD LOG =====
Change Dir: /home/lixiang/Documents/hsp/WorkNotes/Some_Libs/Opencv_Test/build/CMakeFiles/CMakeTmp

Run Build Command(s):/usr/bin/make cmTC_31c88/fast && /usr/bin/make -f CMakeFiles/cmTC_31c88.dir/build.make CMakeFiles/cmTC_31c88.dir/build
make[1]: Entering directory '/home/lixiang/Documents/hsp/WorkNotes/Some_Libs/Opencv_Test/build/CMakeFiles/CMakeTmp'
Building CXX object CMakeFiles/cmTC_31c88.dir/src.cxx.o
/usr/bin/c++    -fsigned-char -W -Wall -Wreturn-type -Wnon-virtual-dtor -Waddress -Wsequence-point -Wformat -Wformat-security -Winit-self -Wpointer-arith -Wsign-promo -Wno-delete-non-virtual-dtor -Wno-comment -Wno-strict-overflow -fdiagnostics-show-option -Wno-long-long -pthread -fomit-frame-pointer -ffunction-sections -fdata-sections  -msse -msse2 -msse3 -fvisibility=hidden -fvisibility-inlines-hidden -Wno-shadow -Wno-unused -Wno-sign-compare -Wno-undef -Wno-missing-declarations -Wno-uninitialized -Wno-switch -Wno-parentheses -Wno-array-bounds -Wno-extra -Wno-deprecated-declarations -Wno-misleading-indentation -Wno-deprecated -Wno-suggest-override -Wno-implicit-fallthrough -Wno-tautological-compare -Wno-reorder -Wno-unused-result  -O3 -DNDEBUG  -DNDEBUG -fPIE    -Wno-implicit-const-int-float-conversion -std=c++11 -o CMakeFiles/cmTC_31c88.dir/src.cxx.o -c /home/lixiang/Documents/hsp/WorkNotes/Some_Libs/Opencv_Test/build/CMakeFiles/CMakeTmp/src.cxx
/home/lixiang/Documents/hsp/WorkNotes/Some_Libs/Opencv_Test/build/CMakeFiles/CMakeTmp/src.cxx:1: warning: ignoring #pragma   [-Wunknown-pragmas]
    1 | #pragma
      | 
cc1plus: warning: unrecognized command line option ‘-Wno-implicit-const-int-float-conversion’
Linking CXX executable cmTC_31c88
/usr/bin/cmake -E cmake_link_script CMakeFiles/cmTC_31c88.dir/link.txt --verbose=1
/usr/bin/c++     -fsigned-char -W -Wall -Wreturn-type -Wnon-virtual-dtor -Waddress -Wsequence-point -Wformat -Wformat-security -Winit-self -Wpointer-arith -Wsign-promo -Wno-delete-non-virtual-dtor -Wno-comment -Wno-strict-overflow -fdiagnostics-show-option -Wno-long-long -pthread -fomit-frame-pointer -ffunction-sections -fdata-sections  -msse -msse2 -msse3 -fvisibility=hidden -fvisibility-inlines-hidden -Wno-shadow -Wno-unused -Wno-sign-compare -Wno-undef -Wno-missing-declarations -Wno-uninitialized -Wno-switch -Wno-parentheses -Wno-array-bounds -Wno-extra -Wno-deprecated-declarations -Wno-misleading-indentation -Wno-deprecated -Wno-suggest-override -Wno-implicit-fallthrough -Wno-tautological-compare -Wno-reorder -Wno-unused-result  -O3 -DNDEBUG  -DNDEBUG    -Wl,--gc-sections -Wl,--as-needed -Wl,--no-undefined  CMakeFiles/cmTC_31c88.dir/src.cxx.o  -o cmTC_31c88 
make[1]: Leaving directory '/home/lixiang/Documents/hsp/WorkNotes/Some_Libs/Opencv_Test/build/CMakeFiles/CMakeTmp'


===== END =====

Determining if the function sgemm_ exists failed with the following output:
Change Dir: /home/lixiang/Documents/hsp/WorkNotes/Some_Libs/Opencv_Test/build/CMakeFiles/CMakeTmp

Run Build Command(s):/usr/bin/make cmTC_e187a/fast && /usr/bin/make -f CMakeFiles/cmTC_e187a.dir/build.make CMakeFiles/cmTC_e187a.dir/build
make[1]: Entering directory '/home/lixiang/Documents/hsp/WorkNotes/Some_Libs/Opencv_Test/build/CMakeFiles/CMakeTmp'
Building C object CMakeFiles/cmTC_e187a.dir/CheckFunctionExists.c.o
/usr/bin/cc   -fsigned-char -W -Wall -Wreturn-type -Waddress -Wsequence-point -Wformat -Wformat-security -Wmissing-declarations -Wmissing-prototypes -Wstrict-prototypes -Wundef -Winit-self -Wpointer-arith -Wshadow -Wuninitialized -Wno-comment -Wimplicit-fallthrough=3 -Wno-strict-overflow -fdiagnostics-show-option -Wno-long-long -pthread -fomit-frame-pointer -ffunction-sections -fdata-sections  -msse -msse2 -msse3 -fvisibility=hidden -DCHECK_FUNCTION_EXISTS=sgemm_ -O3 -DNDEBUG  -DNDEBUG -fPIE   -o CMakeFiles/cmTC_e187a.dir/CheckFunctionExists.c.o   -c /usr/share/cmake-3.16/Modules/CheckFunctionExists.c
Linking C executable cmTC_e187a
/usr/bin/cmake -E cmake_link_script CMakeFiles/cmTC_e187a.dir/link.txt --verbose=1
/usr/bin/cc    -fsigned-char -W -Wall -Wreturn-type -Waddress -Wsequence-point -Wformat -Wformat-security -Wmissing-declarations -Wmissing-prototypes -Wstrict-prototypes -Wundef -Winit-self -Wpointer-arith -Wshadow -Wuninitialized -Wno-comment -Wimplicit-fallthrough=3 -Wno-strict-overflow -fdiagnostics-show-option -Wno-long-long -pthread -fomit-frame-pointer -ffunction-sections -fdata-sections  -msse -msse2 -msse3 -fvisibility=hidden -DCHECK_FUNCTION_EXISTS=sgemm_ -O3 -DNDEBUG  -DNDEBUG    -Wl,--gc-sections -Wl,--as-needed -Wl,--no-undefined  CMakeFiles/cmTC_e187a.dir/CheckFunctionExists.c.o  -o cmTC_e187a 
CMakeFiles/cmTC_e187a.dir/CheckFunctionExists.c.o:CheckFunctionExists.c:function main: error: undefined reference to 'sgemm_'
collect2: error: ld returned 1 exit status
make[1]: *** [CMakeFiles/cmTC_e187a.dir/build.make:87: cmTC_e187a] Error 1
make[1]: Leaving directory '/home/lixiang/Documents/hsp/WorkNotes/Some_Libs/Opencv_Test/build/CMakeFiles/CMakeTmp'
make: *** [Makefile:121: cmTC_e187a/fast] Error 2



Build output check failed:
    Regex: 'unrecognized .*option'
    Output line: 'cc1plus: warning: unrecognized command line option ‘-Wno-tautological-undefined-compare’'
Compilation failed:
    source file: '/home/lixiang/Documents/hsp/WorkNotes/Some_Libs/Opencv_Test/build/CMakeFiles/CMakeTmp/src.cxx'
    check option: ' -Wno-tautological-undefined-compare'
===== BUILD LOG =====
Change Dir: /home/lixiang/Documents/hsp/WorkNotes/Some_Libs/Opencv_Test/build/CMakeFiles/CMakeTmp

Run Build Command(s):/usr/bin/make cmTC_0bd2d/fast && /usr/bin/make -f CMakeFiles/cmTC_0bd2d.dir/build.make CMakeFiles/cmTC_0bd2d.dir/build
make[1]: Entering directory '/home/lixiang/Documents/hsp/WorkNotes/Some_Libs/Opencv_Test/build/CMakeFiles/CMakeTmp'
Building CXX object CMakeFiles/cmTC_0bd2d.dir/src.cxx.o
/usr/bin/c++    -fsigned-char -W -Wall -Wreturn-type -Wnon-virtual-dtor -Waddress -Wsequence-point -Wformat -Wformat-security -Winit-self -Wpointer-arith -Wuninitialized -Wsuggest-override -Wno-delete-non-virtual-dtor -Wno-comment -Wimplicit-fallthrough=3 -Wno-strict-overflow -fdiagnostics-show-option -Wno-long-long -pthread -fomit-frame-pointer -ffunction-sections -fdata-sections  -msse -msse2 -msse3 -fvisibility=hidden -fvisibility-inlines-hidden -Wno-deprecated -Wno-missing-declarations -Wno-shadow -Wno-unused-parameter -Wno-unused-local-typedefs -Wno-sign-compare -Wno-sign-promo -Wno-undef  -O3 -DNDEBUG  -DNDEBUG -fPIE    -Wno-tautological-undefined-compare -std=c++11 -o CMakeFiles/cmTC_0bd2d.dir/src.cxx.o -c /home/lixiang/Documents/hsp/WorkNotes/Some_Libs/Opencv_Test/build/CMakeFiles/CMakeTmp/src.cxx
/home/lixiang/Documents/hsp/WorkNotes/Some_Libs/Opencv_Test/build/CMakeFiles/CMakeTmp/src.cxx:1: warning: ignoring #pragma   [-Wunknown-pragmas]
    1 | #pragma
      | 
cc1plus: warning: unrecognized command line option ‘-Wno-tautological-undefined-compare’
Linking CXX executable cmTC_0bd2d
/usr/bin/cmake -E cmake_link_script CMakeFiles/cmTC_0bd2d.dir/link.txt --verbose=1
/usr/bin/c++     -fsigned-char -W -Wall -Wreturn-type -Wnon-virtual-dtor -Waddress -Wsequence-point -Wformat -Wformat-security -Winit-self -Wpointer-arith -Wuninitialized -Wsuggest-override -Wno-delete-non-virtual-dtor -Wno-comment -Wimplicit-fallthrough=3 -Wno-strict-overflow -fdiagnostics-show-option -Wno-long-long -pthread -fomit-frame-pointer -ffunction-sections -fdata-sections  -msse -msse2 -msse3 -fvisibility=hidden -fvisibility-inlines-hidden -Wno-deprecated -Wno-missing-declarations -Wno-shadow -Wno-unused-parameter -Wno-unused-local-typedefs -Wno-sign-compare -Wno-sign-promo -Wno-undef  -O3 -DNDEBUG  -DNDEBUG    -Wl,--gc-sections -Wl,--as-needed -Wl,--no-undefined  CMakeFiles/cmTC_0bd2d.dir/src.cxx.o  -o cmTC_0bd2d 
make[1]: Leaving directory '/home/lixiang/Documents/hsp/WorkNotes/Some_Libs/Opencv_Test/build/CMakeFiles/CMakeTmp'


===== END =====

Build output check failed:
    Regex: 'unrecognized .*option'
    Output line: 'cc1plus: warning: unrecognized command line option ‘-Wno-shorten-64-to-32’'
Compilation failed:
    source file: '/home/lixiang/Documents/hsp/WorkNotes/Some_Libs/Opencv_Test/build/CMakeFiles/CMakeTmp/src.cxx'
    check option: ' -Wno-shorten-64-to-32'
===== BUILD LOG =====
Change Dir: /home/lixiang/Documents/hsp/WorkNotes/Some_Libs/Opencv_Test/build/CMakeFiles/CMakeTmp

Run Build Command(s):/usr/bin/make cmTC_0915e/fast && /usr/bin/make -f CMakeFiles/cmTC_0915e.dir/build.make CMakeFiles/cmTC_0915e.dir/build
make[1]: Entering directory '/home/lixiang/Documents/hsp/WorkNotes/Some_Libs/Opencv_Test/build/CMakeFiles/CMakeTmp'
Building CXX object CMakeFiles/cmTC_0915e.dir/src.cxx.o
/usr/bin/c++    -fsigned-char -W -Wall -Wreturn-type -Wnon-virtual-dtor -Waddress -Wsequence-point -Wformat -Wformat-security -Winit-self -Wpointer-arith -Wuninitialized -Wsuggest-override -Wno-delete-non-virtual-dtor -Wno-comment -Wimplicit-fallthrough=3 -Wno-strict-overflow -fdiagnostics-show-option -Wno-long-long -pthread -fomit-frame-pointer -ffunction-sections -fdata-sections  -msse -msse2 -msse3 -fvisibility=hidden -fvisibility-inlines-hidden -Wno-deprecated -Wno-missing-declarations -Wno-shadow -Wno-unused-parameter -Wno-unused-local-typedefs -Wno-sign-compare -Wno-sign-promo -Wno-undef -Wno-ignored-qualifiers -Wno-extra -Wno-unused-function -Wno-unused-const-variable  -O3 -DNDEBUG  -DNDEBUG -fPIE    -Wno-shorten-64-to-32 -std=c++11 -o CMakeFiles/cmTC_0915e.dir/src.cxx.o -c /home/lixiang/Documents/hsp/WorkNotes/Some_Libs/Opencv_Test/build/CMakeFiles/CMakeTmp/src.cxx
/home/lixiang/Documents/hsp/WorkNotes/Some_Libs/Opencv_Test/build/CMakeFiles/CMakeTmp/src.cxx:1: warning: ignoring #pragma   [-Wunknown-pragmas]
    1 | #pragma
      | 
cc1plus: warning: unrecognized command line option ‘-Wno-shorten-64-to-32’
Linking CXX executable cmTC_0915e
/usr/bin/cmake -E cmake_link_script CMakeFiles/cmTC_0915e.dir/link.txt --verbose=1
/usr/bin/c++     -fsigned-char -W -Wall -Wreturn-type -Wnon-virtual-dtor -Waddress -Wsequence-point -Wformat -Wformat-security -Winit-self -Wpointer-arith -Wuninitialized -Wsuggest-override -Wno-delete-non-virtual-dtor -Wno-comment -Wimplicit-fallthrough=3 -Wno-strict-overflow -fdiagnostics-show-option -Wno-long-long -pthread -fomit-frame-pointer -ffunction-sections -fdata-sections  -msse -msse2 -msse3 -fvisibility=hidden -fvisibility-inlines-hidden -Wno-deprecated -Wno-missing-declarations -Wno-shadow -Wno-unused-parameter -Wno-unused-local-typedefs -Wno-sign-compare -Wno-sign-promo -Wno-undef -Wno-ignored-qualifiers -Wno-extra -Wno-unused-function -Wno-unused-const-variable  -O3 -DNDEBUG  -DNDEBUG    -Wl,--gc-sections -Wl,--as-needed -Wl,--no-undefined  CMakeFiles/cmTC_0915e.dir/src.cxx.o  -o cmTC_0915e 
make[1]: Leaving directory '/home/lixiang/Documents/hsp/WorkNotes/Some_Libs/Opencv_Test/build/CMakeFiles/CMakeTmp'


===== END =====

Build output check failed:
    Regex: 'unrecognized .*option'
    Output line: 'cc1plus: warning: unrecognized command line option ‘-Wno-enum-compare-switch’'
Compilation failed:
    source file: '/home/lixiang/Documents/hsp/WorkNotes/Some_Libs/Opencv_Test/build/CMakeFiles/CMakeTmp/src.cxx'
    check option: ' -Wno-enum-compare-switch'
===== BUILD LOG =====
Change Dir: /home/lixiang/Documents/hsp/WorkNotes/Some_Libs/Opencv_Test/build/CMakeFiles/CMakeTmp

Run Build Command(s):/usr/bin/make cmTC_4f8ed/fast && /usr/bin/make -f CMakeFiles/cmTC_4f8ed.dir/build.make CMakeFiles/cmTC_4f8ed.dir/build
make[1]: Entering directory '/home/lixiang/Documents/hsp/WorkNotes/Some_Libs/Opencv_Test/build/CMakeFiles/CMakeTmp'
Building CXX object CMakeFiles/cmTC_4f8ed.dir/src.cxx.o
/usr/bin/c++    -fsigned-char -W -Wall -Wreturn-type -Wnon-virtual-dtor -Waddress -Wsequence-point -Wformat -Wformat-security -Winit-self -Wpointer-arith -Wuninitialized -Wsuggest-override -Wno-delete-non-virtual-dtor -Wno-comment -Wimplicit-fallthrough=3 -Wno-strict-overflow -fdiagnostics-show-option -Wno-long-long -pthread -fomit-frame-pointer -ffunction-sections -fdata-sections  -msse -msse2 -msse3 -fvisibility=hidden -fvisibility-inlines-hidden -Wno-deprecated -Wno-missing-declarations -Wno-shadow -Wno-unused-parameter -Wno-unused-local-typedefs -Wno-sign-compare -Wno-sign-promo -Wno-undef -Wno-ignored-qualifiers -Wno-extra -Wno-unused-function -Wno-unused-const-variable -Wno-invalid-offsetof  -O3 -DNDEBUG  -DNDEBUG -fPIE    -Wno-enum-compare-switch -std=c++11 -o CMakeFiles/cmTC_4f8ed.dir/src.cxx.o -c /home/lixiang/Documents/hsp/WorkNotes/Some_Libs/Opencv_Test/build/CMakeFiles/CMakeTmp/src.cxx
/home/lixiang/Documents/hsp/WorkNotes/Some_Libs/Opencv_Test/build/CMakeFiles/CMakeTmp/src.cxx:1: warning: ignoring #pragma   [-Wunknown-pragmas]
    1 | #pragma
      | 
cc1plus: warning: unrecognized command line option ‘-Wno-enum-compare-switch’
Linking CXX executable cmTC_4f8ed
/usr/bin/cmake -E cmake_link_script CMakeFiles/cmTC_4f8ed.dir/link.txt --verbose=1
/usr/bin/c++     -fsigned-char -W -Wall -Wreturn-type -Wnon-virtual-dtor -Waddress -Wsequence-point -Wformat -Wformat-security -Winit-self -Wpointer-arith -Wuninitialized -Wsuggest-override -Wno-delete-non-virtual-dtor -Wno-comment -Wimplicit-fallthrough=3 -Wno-strict-overflow -fdiagnostics-show-option -Wno-long-long -pthread -fomit-frame-pointer -ffunction-sections -fdata-sections  -msse -msse2 -msse3 -fvisibility=hidden -fvisibility-inlines-hidden -Wno-deprecated -Wno-missing-declarations -Wno-shadow -Wno-unused-parameter -Wno-unused-local-typedefs -Wno-sign-compare -Wno-sign-promo -Wno-undef -Wno-ignored-qualifiers -Wno-extra -Wno-unused-function -Wno-unused-const-variable -Wno-invalid-offsetof  -O3 -DNDEBUG  -DNDEBUG    -Wl,--gc-sections -Wl,--as-needed -Wl,--no-undefined  CMakeFiles/cmTC_4f8ed.dir/src.cxx.o  -o cmTC_4f8ed 
make[1]: Leaving directory '/home/lixiang/Documents/hsp/WorkNotes/Some_Libs/Opencv_Test/build/CMakeFiles/CMakeTmp'


===== END =====

Build output check failed:
    Regex: 'unrecognized .*option'
    Output line: 'cc1plus: warning: unrecognized command line option ‘-Wno-stringop-overread’'
Compilation failed:
    source file: '/home/lixiang/Documents/hsp/WorkNotes/Some_Libs/Opencv_Test/build/CMakeFiles/CMakeTmp/src.cxx'
    check option: ' -Wno-stringop-overread'
===== BUILD LOG =====
Change Dir: /home/lixiang/Documents/hsp/WorkNotes/Some_Libs/Opencv_Test/build/CMakeFiles/CMakeTmp

Run Build Command(s):/usr/bin/make cmTC_6ec73/fast && /usr/bin/make -f CMakeFiles/cmTC_6ec73.dir/build.make CMakeFiles/cmTC_6ec73.dir/build
make[1]: Entering directory '/home/lixiang/Documents/hsp/WorkNotes/Some_Libs/Opencv_Test/build/CMakeFiles/CMakeTmp'
Building CXX object CMakeFiles/cmTC_6ec73.dir/src.cxx.o
/usr/bin/c++    -fsigned-char -W -Wall -Wreturn-type -Wnon-virtual-dtor -Waddress -Wsequence-point -Wformat -Wformat-security -Winit-self -Wpointer-arith -Wuninitialized -Wno-delete-non-virtual-dtor -Wno-comment -Wno-strict-overflow -fdiagnostics-show-option -Wno-long-long -pthread -fomit-frame-pointer -ffunction-sections -fdata-sections  -msse -msse2 -msse3 -fvisibility=hidden -fvisibility-inlines-hidden -Wno-deprecated -Wno-missing-declarations -Wno-shadow -Wno-unused-parameter -Wno-unused-local-typedefs -Wno-sign-compare -Wno-sign-promo -Wno-undef -Wno-ignored-qualifiers -Wno-extra -Wno-unused-function -Wno-unused-const-variable -Wno-invalid-offsetof -Wno-suggest-override -Wno-implicit-fallthrough -Wno-array-bounds -Wno-stringop-overflow  -O3 -DNDEBUG  -DNDEBUG -fPIE    -Wno-stringop-overread -std=c++11 -o CMakeFiles/cmTC_6ec73.dir/src.cxx.o -c /home/lixiang/Documents/hsp/WorkNotes/Some_Libs/Opencv_Test/build/CMakeFiles/CMakeTmp/src.cxx
/home/lixiang/Documents/hsp/WorkNotes/Some_Libs/Opencv_Test/build/CMakeFiles/CMakeTmp/src.cxx:1: warning: ignoring #pragma   [-Wunknown-pragmas]
    1 | #pragma
      | 
cc1plus: warning: unrecognized command line option ‘-Wno-stringop-overread’
Linking CXX executable cmTC_6ec73
/usr/bin/cmake -E cmake_link_script CMakeFiles/cmTC_6ec73.dir/link.txt --verbose=1
/usr/bin/c++     -fsigned-char -W -Wall -Wreturn-type -Wnon-virtual-dtor -Waddress -Wsequence-point -Wformat -Wformat-security -Winit-self -Wpointer-arith -Wuninitialized -Wno-delete-non-virtual-dtor -Wno-comment -Wno-strict-overflow -fdiagnostics-show-option -Wno-long-long -pthread -fomit-frame-pointer -ffunction-sections -fdata-sections  -msse -msse2 -msse3 -fvisibility=hidden -fvisibility-inlines-hidden -Wno-deprecated -Wno-missing-declarations -Wno-shadow -Wno-unused-parameter -Wno-unused-local-typedefs -Wno-sign-compare -Wno-sign-promo -Wno-undef -Wno-ignored-qualifiers -Wno-extra -Wno-unused-function -Wno-unused-const-variable -Wno-invalid-offsetof -Wno-suggest-override -Wno-implicit-fallthrough -Wno-array-bounds -Wno-stringop-overflow  -O3 -DNDEBUG  -DNDEBUG    -Wl,--gc-sections -Wl,--as-needed -Wl,--no-undefined  CMakeFiles/cmTC_6ec73.dir/src.cxx.o  -o cmTC_6ec73 
make[1]: Leaving directory '/home/lixiang/Documents/hsp/WorkNotes/Some_Libs/Opencv_Test/build/CMakeFiles/CMakeTmp'


===== END =====

Build output check failed:
    Regex: 'unrecognized .*option'
    Output line: 'cc1plus: warning: unrecognized command line option ‘-Wno-comma’'
Compilation failed:
    source file: '/home/lixiang/Documents/hsp/WorkNotes/Some_Libs/Opencv_Test/build/CMakeFiles/CMakeTmp/src.cxx'
    check option: ' -Wno-comma'
===== BUILD LOG =====
Change Dir: /home/lixiang/Documents/hsp/WorkNotes/Some_Libs/Opencv_Test/build/CMakeFiles/CMakeTmp

Run Build Command(s):/usr/bin/make cmTC_9b1fb/fast && /usr/bin/make -f CMakeFiles/cmTC_9b1fb.dir/build.make CMakeFiles/cmTC_9b1fb.dir/build
make[1]: Entering directory '/home/lixiang/Documents/hsp/WorkNotes/Some_Libs/Opencv_Test/build/CMakeFiles/CMakeTmp'
Building CXX object CMakeFiles/cmTC_9b1fb.dir/src.cxx.o
/usr/bin/c++    -fsigned-char -W -Wall -Wreturn-type -Wnon-virtual-dtor -Waddress -Wsequence-point -Wformat -Wformat-security -Winit-self -Wpointer-arith -Wuninitialized -Wno-delete-non-virtual-dtor -Wno-comment -Wno-strict-overflow -fdiagnostics-show-option -Wno-long-long -pthread -fomit-frame-pointer -ffunction-sections -fdata-sections  -msse -msse2 -msse3 -fvisibility=hidden -fvisibility-inlines-hidden -Wno-deprecated -Wno-missing-declarations -Wno-shadow -Wno-unused-parameter -Wno-unused-local-typedefs -Wno-sign-compare -Wno-sign-promo -Wno-undef -Wno-ignored-qualifiers -Wno-extra -Wno-unused-function -Wno-unused-const-variable -Wno-invalid-offsetof -Wno-suggest-override -Wno-implicit-fallthrough -Wno-array-bounds -Wno-stringop-overflow -Wno-extra-semi  -O3 -DNDEBUG  -DNDEBUG -fPIE    -Wno-comma -std=c++11 -o CMakeFiles/cmTC_9b1fb.dir/src.cxx.o -c /home/lixiang/Documents/hsp/WorkNotes/Some_Libs/Opencv_Test/build/CMakeFiles/CMakeTmp/src.cxx
/home/lixiang/Documents/hsp/WorkNotes/Some_Libs/Opencv_Test/build/CMakeFiles/CMakeTmp/src.cxx:1: warning: ignoring #pragma   [-Wunknown-pragmas]
    1 | #pragma
      | 
cc1plus: warning: unrecognized command line option ‘-Wno-comma’
Linking CXX executable cmTC_9b1fb
/usr/bin/cmake -E cmake_link_script CMakeFiles/cmTC_9b1fb.dir/link.txt --verbose=1
/usr/bin/c++     -fsigned-char -W -Wall -Wreturn-type -Wnon-virtual-dtor -Waddress -Wsequence-point -Wformat -Wformat-security -Winit-self -Wpointer-arith -Wuninitialized -Wno-delete-non-virtual-dtor -Wno-comment -Wno-strict-overflow -fdiagnostics-show-option -Wno-long-long -pthread -fomit-frame-pointer -ffunction-sections -fdata-sections  -msse -msse2 -msse3 -fvisibility=hidden -fvisibility-inlines-hidden -Wno-deprecated -Wno-missing-declarations -Wno-shadow -Wno-unused-parameter -Wno-unused-local-typedefs -Wno-sign-compare -Wno-sign-promo -Wno-undef -Wno-ignored-qualifiers -Wno-extra -Wno-unused-function -Wno-unused-const-variable -Wno-invalid-offsetof -Wno-suggest-override -Wno-implicit-fallthrough -Wno-array-bounds -Wno-stringop-overflow -Wno-extra-semi  -O3 -DNDEBUG  -DNDEBUG    -Wl,--gc-sections -Wl,--as-needed -Wl,--no-undefined  CMakeFiles/cmTC_9b1fb.dir/src.cxx.o  -o cmTC_9b1fb 
make[1]: Leaving directory '/home/lixiang/Documents/hsp/WorkNotes/Some_Libs/Opencv_Test/build/CMakeFiles/CMakeTmp'


===== END =====

Determining if the include file sys/videoio.h exists failed with the following output:
Change Dir: /home/lixiang/Documents/hsp/WorkNotes/Some_Libs/Opencv_Test/build/CMakeFiles/CMakeTmp

Run Build Command(s):/usr/bin/make cmTC_860ad/fast && /usr/bin/make -f CMakeFiles/cmTC_860ad.dir/build.make CMakeFiles/cmTC_860ad.dir/build
make[1]: Entering directory '/home/lixiang/Documents/hsp/WorkNotes/Some_Libs/Opencv_Test/build/CMakeFiles/CMakeTmp'
Building C object CMakeFiles/cmTC_860ad.dir/CheckIncludeFile.c.o
/usr/bin/cc   -fsigned-char -W -Wall -Wreturn-type -Waddress -Wsequence-point -Wformat -Wformat-security -Wmissing-declarations -Wmissing-prototypes -Wstrict-prototypes -Wundef -Winit-self -Wpointer-arith -Wshadow -Wuninitialized -Wno-comment -Wimplicit-fallthrough=3 -Wno-strict-overflow -fdiagnostics-show-option -Wno-long-long -pthread -fomit-frame-pointer -ffunction-sections -fdata-sections  -msse -msse2 -msse3 -fvisibility=hidden  -O3 -DNDEBUG  -DNDEBUG -fPIE   -o CMakeFiles/cmTC_860ad.dir/CheckIncludeFile.c.o   -c /home/lixiang/Documents/hsp/WorkNotes/Some_Libs/Opencv_Test/build/CMakeFiles/CMakeTmp/CheckIncludeFile.c
/home/lixiang/Documents/hsp/WorkNotes/Some_Libs/Opencv_Test/build/CMakeFiles/CMakeTmp/CheckIncludeFile.c:1:10: fatal error: sys/videoio.h: No such file or directory
    1 | #include <sys/videoio.h>
      |          ^~~~~~~~~~~~~~~
compilation terminated.
make[1]: *** [CMakeFiles/cmTC_860ad.dir/build.make:66: CMakeFiles/cmTC_860ad.dir/CheckIncludeFile.c.o] Error 1
make[1]: Leaving directory '/home/lixiang/Documents/hsp/WorkNotes/Some_Libs/Opencv_Test/build/CMakeFiles/CMakeTmp'
make: *** [Makefile:121: cmTC_860ad/fast] Error 2



Build output check failed:
    Regex: 'unrecognized .*option'
    Output line: 'cc1plus: warning: unrecognized command line option ‘-Wno-unused-private-field’'
Compilation failed:
    source file: '/home/lixiang/Documents/hsp/WorkNotes/Some_Libs/Opencv_Test/build/CMakeFiles/CMakeTmp/src.cxx'
    check option: ' -Wno-unused-private-field'
===== BUILD LOG =====
Change Dir: /home/lixiang/Documents/hsp/WorkNotes/Some_Libs/Opencv_Test/build/CMakeFiles/CMakeTmp

Run Build Command(s):/usr/bin/make cmTC_d4645/fast && /usr/bin/make -f CMakeFiles/cmTC_d4645.dir/build.make CMakeFiles/cmTC_d4645.dir/build
make[1]: Entering directory '/home/lixiang/Documents/hsp/WorkNotes/Some_Libs/Opencv_Test/build/CMakeFiles/CMakeTmp'
Building CXX object CMakeFiles/cmTC_d4645.dir/src.cxx.o
/usr/bin/c++    -fsigned-char -W -Wall -Wreturn-type -Wnon-virtual-dtor -Waddress -Wsequence-point -Wformat -Wformat-security -Wmissing-declarations -Wundef -Winit-self -Wpointer-arith -Wshadow -Wsign-promo -Wuninitialized -Wsuggest-override -Wno-delete-non-virtual-dtor -Wno-comment -Wimplicit-fallthrough=3 -Wno-strict-overflow -fdiagnostics-show-option -Wno-long-long -pthread -fomit-frame-pointer -ffunction-sections -fdata-sections  -msse -msse2 -msse3 -fvisibility=hidden -fvisibility-inlines-hidden -Wno-unused-function -Wno-deprecated-declarations -Wno-overloaded-virtual  -O3 -DNDEBUG  -DNDEBUG -fPIE    -Wno-unused-private-field -std=c++11 -o CMakeFiles/cmTC_d4645.dir/src.cxx.o -c /home/lixiang/Documents/hsp/WorkNotes/Some_Libs/Opencv_Test/build/CMakeFiles/CMakeTmp/src.cxx
/home/lixiang/Documents/hsp/WorkNotes/Some_Libs/Opencv_Test/build/CMakeFiles/CMakeTmp/src.cxx:1: warning: ignoring #pragma   [-Wunknown-pragmas]
    1 | #pragma
      | 
cc1plus: warning: unrecognized command line option ‘-Wno-unused-private-field’
Linking CXX executable cmTC_d4645
/usr/bin/cmake -E cmake_link_script CMakeFiles/cmTC_d4645.dir/link.txt --verbose=1
/usr/bin/c++     -fsigned-char -W -Wall -Wreturn-type -Wnon-virtual-dtor -Waddress -Wsequence-point -Wformat -Wformat-security -Wmissing-declarations -Wundef -Winit-self -Wpointer-arith -Wshadow -Wsign-promo -Wuninitialized -Wsuggest-override -Wno-delete-non-virtual-dtor -Wno-comment -Wimplicit-fallthrough=3 -Wno-strict-overflow -fdiagnostics-show-option -Wno-long-long -pthread -fomit-frame-pointer -ffunction-sections -fdata-sections  -msse -msse2 -msse3 -fvisibility=hidden -fvisibility-inlines-hidden -Wno-unused-function -Wno-deprecated-declarations -Wno-overloaded-virtual  -O3 -DNDEBUG  -DNDEBUG    -Wl,--gc-sections -Wl,--as-needed -Wl,--no-undefined  CMakeFiles/cmTC_d4645.dir/src.cxx.o  -o cmTC_d4645 
make[1]: Leaving directory '/home/lixiang/Documents/hsp/WorkNotes/Some_Libs/Opencv_Test/build/CMakeFiles/CMakeTmp'


===== END =====

